TN:
SF:src/main.ts
FN:28,(anonymous_0)
FN:37,(anonymous_1)
FN:45,(anonymous_3)
FN:46,(anonymous_4)
FN:85,(anonymous_5)
FN:87,(anonymous_6)
FN:103,(anonymous_7)
FN:119,(anonymous_9)
FN:123,(anonymous_10)
FN:133,(anonymous_11)
FN:142,(anonymous_12)
FN:151,(anonymous_13)
FN:155,(anonymous_14)
FN:155,(anonymous_15)
FN:166,(anonymous_16)
FN:169,(anonymous_17)
FN:172,(anonymous_18)
FN:184,(anonymous_19)
FN:201,(anonymous_20)
FN:223,(anonymous_21)
FN:223,(anonymous_22)
FN:242,(anonymous_23)
FN:251,(anonymous_24)
FN:260,(anonymous_25)
FN:260,(anonymous_26)
FN:280,(anonymous_27)
FN:288,(anonymous_28)
FN:288,(anonymous_29)
FN:308,(anonymous_30)
FN:308,(anonymous_31)
FN:335,(anonymous_32)
FN:341,(anonymous_33)
FN:343,(anonymous_34)
FN:348,(anonymous_35)
FN:348,(anonymous_36)
FN:358,(anonymous_37)
FN:367,(anonymous_38)
FN:370,(anonymous_39)
FN:386,(anonymous_40)
FN:388,(anonymous_41)
FN:391,(anonymous_42)
FN:401,(anonymous_43)
FN:406,(anonymous_44)
FN:416,(anonymous_45)
FN:444,(anonymous_46)
FN:445,(anonymous_47)
FN:448,(anonymous_48)
FN:453,(anonymous_49)
FN:456,(anonymous_50)
FN:463,(anonymous_51)
FN:478,(anonymous_52)
FN:496,(anonymous_54)
FN:504,(anonymous_55)
FN:505,(anonymous_56)
FN:508,(anonymous_57)
FN:511,(anonymous_58)
FN:514,(anonymous_59)
FN:553,(anonymous_61)
FN:603,(anonymous_63)
FN:630,(anonymous_65)
FN:633,(anonymous_66)
FN:643,(anonymous_67)
FN:649,(anonymous_68)
FN:659,(anonymous_69)
FN:704,(anonymous_70)
FN:749,(anonymous_71)
FN:759,(anonymous_72)
FN:764,(anonymous_73)
FN:786,(anonymous_74)
FN:799,(anonymous_75)
FN:799,(anonymous_76)
FN:807,(anonymous_77)
FN:812,(anonymous_78)
FNF:73
FNH:14
FNDA:21,(anonymous_0)
FNDA:19,(anonymous_1)
FNDA:0,(anonymous_3)
FNDA:0,(anonymous_4)
FNDA:16,(anonymous_5)
FNDA:16,(anonymous_6)
FNDA:0,(anonymous_7)
FNDA:18,(anonymous_9)
FNDA:0,(anonymous_10)
FNDA:0,(anonymous_11)
FNDA:0,(anonymous_12)
FNDA:0,(anonymous_13)
FNDA:0,(anonymous_14)
FNDA:0,(anonymous_15)
FNDA:0,(anonymous_16)
FNDA:0,(anonymous_17)
FNDA:0,(anonymous_18)
FNDA:0,(anonymous_19)
FNDA:0,(anonymous_20)
FNDA:0,(anonymous_21)
FNDA:0,(anonymous_22)
FNDA:0,(anonymous_23)
FNDA:0,(anonymous_24)
FNDA:0,(anonymous_25)
FNDA:0,(anonymous_26)
FNDA:0,(anonymous_27)
FNDA:0,(anonymous_28)
FNDA:0,(anonymous_29)
FNDA:0,(anonymous_30)
FNDA:0,(anonymous_31)
FNDA:0,(anonymous_32)
FNDA:18,(anonymous_33)
FNDA:0,(anonymous_34)
FNDA:0,(anonymous_35)
FNDA:0,(anonymous_36)
FNDA:0,(anonymous_37)
FNDA:0,(anonymous_38)
FNDA:0,(anonymous_39)
FNDA:0,(anonymous_40)
FNDA:0,(anonymous_41)
FNDA:0,(anonymous_42)
FNDA:0,(anonymous_43)
FNDA:0,(anonymous_44)
FNDA:0,(anonymous_45)
FNDA:0,(anonymous_46)
FNDA:0,(anonymous_47)
FNDA:0,(anonymous_48)
FNDA:0,(anonymous_49)
FNDA:0,(anonymous_50)
FNDA:0,(anonymous_51)
FNDA:18,(anonymous_52)
FNDA:0,(anonymous_54)
FNDA:16,(anonymous_55)
FNDA:16,(anonymous_56)
FNDA:0,(anonymous_57)
FNDA:0,(anonymous_58)
FNDA:0,(anonymous_59)
FNDA:0,(anonymous_61)
FNDA:0,(anonymous_63)
FNDA:0,(anonymous_65)
FNDA:18,(anonymous_66)
FNDA:18,(anonymous_67)
FNDA:18,(anonymous_68)
FNDA:83,(anonymous_69)
FNDA:0,(anonymous_70)
FNDA:0,(anonymous_71)
FNDA:0,(anonymous_72)
FNDA:0,(anonymous_73)
FNDA:0,(anonymous_74)
FNDA:0,(anonymous_75)
FNDA:0,(anonymous_76)
FNDA:0,(anonymous_77)
FNDA:1,(anonymous_78)
DA:1,1
DA:2,1
DA:5,1
DA:7,1
DA:8,1
DA:9,1
DA:10,1
DA:11,1
DA:12,1
DA:13,1
DA:14,1
DA:15,1
DA:16,1
DA:17,1
DA:18,1
DA:19,1
DA:20,1
DA:21,1
DA:22,1
DA:23,1
DA:24,1
DA:25,1
DA:26,1
DA:28,1
DA:29,21
DA:39,19
DA:40,19
DA:41,19
DA:44,19
DA:45,0
DA:46,0
DA:51,19
DA:52,19
DA:53,19
DA:54,18
DA:55,18
DA:58,18
DA:59,18
DA:62,18
DA:65,18
DA:66,14
DA:67,14
DA:69,18
DA:70,18
DA:72,18
DA:73,18
DA:75,18
DA:76,18
DA:78,18
DA:81,18
DA:85,17
DA:87,16
DA:88,16
DA:90,16
DA:91,0
DA:95,16
DA:104,0
DA:105,0
DA:108,0
DA:109,0
DA:110,0
DA:116,0
DA:120,18
DA:124,0
DA:125,0
DA:126,0
DA:130,18
DA:134,0
DA:135,0
DA:139,18
DA:143,0
DA:144,0
DA:148,18
DA:152,0
DA:153,0
DA:155,0
DA:156,0
DA:157,0
DA:159,0
DA:163,18
DA:167,0
DA:169,0
DA:170,0
DA:171,0
DA:172,0
DA:174,0
DA:176,0
DA:181,18
DA:185,0
DA:186,0
DA:187,0
DA:188,0
DA:189,0
DA:191,0
DA:193,0
DA:198,18
DA:202,0
DA:203,0
DA:204,0
DA:205,0
DA:206,0
DA:209,0
DA:213,0
DA:215,0
DA:220,18
DA:223,0
DA:224,0
DA:225,0
DA:226,0
DA:227,0
DA:228,0
DA:229,0
DA:231,0
DA:232,0
DA:234,0
DA:239,18
DA:243,0
DA:244,0
DA:248,18
DA:252,0
DA:253,0
DA:257,18
DA:260,0
DA:261,0
DA:262,0
DA:263,0
DA:270,0
DA:272,0
DA:273,0
DA:277,18
DA:281,0
DA:285,18
DA:288,0
DA:289,0
DA:290,0
DA:291,0
DA:292,0
DA:293,0
DA:294,0
DA:295,0
DA:297,0
DA:300,0
DA:305,18
DA:308,0
DA:309,0
DA:310,0
DA:311,0
DA:312,0
DA:313,0
DA:316,0
DA:317,0
DA:318,0
DA:319,0
DA:320,0
DA:321,0
DA:322,0
DA:324,0
DA:327,0
DA:332,18
DA:336,0
DA:343,18
DA:344,0
DA:345,0
DA:348,18
DA:349,0
DA:350,0
DA:351,0
DA:352,0
DA:355,0
DA:358,18
DA:359,0
DA:360,0
DA:361,0
DA:364,0
DA:365,0
DA:366,0
DA:367,0
DA:368,0
DA:369,0
DA:371,0
DA:372,0
DA:376,0
DA:378,0
DA:379,0
DA:380,0
DA:382,0
DA:386,18
DA:387,0
DA:388,0
DA:389,0
DA:392,0
DA:393,0
DA:394,0
DA:401,18
DA:402,0
DA:403,0
DA:404,0
DA:406,0
DA:407,0
DA:411,0
DA:416,18
DA:417,0
DA:420,0
DA:422,0
DA:423,0
DA:426,0
DA:427,0
DA:429,0
DA:431,0
DA:433,0
DA:434,0
DA:436,0
DA:437,0
DA:445,0
DA:446,0
DA:449,0
DA:453,0
DA:454,0
DA:457,0
DA:458,0
DA:464,0
DA:467,0
DA:468,0
DA:472,0
DA:473,0
DA:474,0
DA:479,18
DA:482,17
DA:483,17
DA:484,17
DA:485,0
DA:486,0
DA:491,17
DA:492,17
DA:493,17
DA:494,0
DA:496,0
DA:497,0
DA:503,17
DA:504,17
DA:505,17
DA:509,0
DA:511,0
DA:515,0
DA:517,0
DA:518,0
DA:521,0
DA:522,0
DA:523,0
DA:524,0
DA:528,0
DA:529,0
DA:530,0
DA:531,0
DA:533,0
DA:535,0
DA:537,0
DA:540,0
DA:544,0
DA:545,0
DA:547,0
DA:549,0
DA:554,0
DA:555,0
DA:557,0
DA:560,0
DA:563,0
DA:566,0
DA:568,0
DA:569,0
DA:572,0
DA:573,0
DA:574,0
DA:575,0
DA:577,0
DA:578,0
DA:581,0
DA:582,0
DA:583,0
DA:586,0
DA:587,0
DA:590,0
DA:591,0
DA:592,0
DA:595,0
DA:596,0
DA:599,0
DA:604,0
DA:605,0
DA:630,0
DA:634,18
DA:635,18
DA:637,0
DA:639,18
DA:644,18
DA:645,18
DA:646,18
DA:651,18
DA:656,18
DA:660,83
DA:661,0
DA:662,0
DA:665,83
DA:666,83
DA:668,83
DA:669,83
DA:670,83
DA:674,0
DA:675,0
DA:677,0
DA:678,0
DA:679,0
DA:680,0
DA:681,0
DA:682,0
DA:687,0
DA:690,0
DA:691,0
DA:692,0
DA:693,0
DA:700,0
DA:701,0
DA:705,0
DA:706,0
DA:708,0
DA:709,0
DA:710,0
DA:713,0
DA:714,0
DA:716,0
DA:740,0
DA:741,0
DA:742,0
DA:744,0
DA:745,0
DA:746,0
DA:748,0
DA:749,0
DA:750,0
DA:751,0
DA:752,0
DA:753,0
DA:754,0
DA:757,0
DA:758,0
DA:759,0
DA:761,0
DA:765,0
DA:767,0
DA:768,0
DA:769,0
DA:772,0
DA:773,0
DA:775,0
DA:786,0
DA:790,0
DA:791,0
DA:792,0
DA:794,0
DA:795,0
DA:796,0
DA:798,0
DA:799,0
DA:800,0
DA:802,0
DA:805,0
DA:806,0
DA:807,0
DA:809,0
DA:814,1
DA:815,1
DA:818,1
DA:819,0
DA:823,1
DA:824,1
DA:827,1
LF:376
LH:104
BRDA:65,0,0,14
BRDA:65,1,0,0
BRDA:65,1,1,18
BRDA:65,2,0,18
BRDA:65,2,1,18
BRDA:90,3,0,0
BRDA:108,4,0,0
BRDA:171,5,0,0
BRDA:186,6,0,0
BRDA:186,6,1,0
BRDA:187,7,0,0
BRDA:187,7,1,0
BRDA:188,8,0,0
BRDA:188,8,1,0
BRDA:189,9,0,0
BRDA:189,9,1,0
BRDA:204,10,0,0
BRDA:204,10,1,0
BRDA:204,11,0,0
BRDA:204,11,1,0
BRDA:204,12,0,0
BRDA:204,12,1,0
BRDA:228,13,0,0
BRDA:261,14,0,0
BRDA:261,14,1,0
BRDA:261,15,0,0
BRDA:261,15,1,0
BRDA:261,16,0,0
BRDA:261,16,1,0
BRDA:261,17,0,0
BRDA:261,17,1,0
BRDA:262,18,0,0
BRDA:262,18,1,0
BRDA:273,19,0,0
BRDA:273,19,1,0
BRDA:292,20,0,0
BRDA:292,20,1,0
BRDA:292,21,0,0
BRDA:292,21,1,0
BRDA:311,22,0,0
BRDA:311,23,0,0
BRDA:311,23,1,0
BRDA:311,24,0,0
BRDA:311,24,1,0
BRDA:318,25,0,0
BRDA:318,25,1,0
BRDA:318,26,0,0
BRDA:318,26,1,0
BRDA:344,27,0,0
BRDA:344,28,0,0
BRDA:344,28,1,0
BRDA:349,29,0,0
BRDA:360,30,0,0
BRDA:365,31,0,0
BRDA:366,32,0,0
BRDA:379,33,0,0
BRDA:387,34,0,0
BRDA:403,35,0,0
BRDA:403,36,0,0
BRDA:403,36,1,0
BRDA:403,36,2,0
BRDA:404,37,0,0
BRDA:404,37,1,0
BRDA:420,38,0,0
BRDA:426,39,0,0
BRDA:426,40,0,0
BRDA:426,40,1,0
BRDA:431,41,0,0
BRDA:436,42,0,0
BRDA:467,43,0,0
BRDA:467,44,0,0
BRDA:467,44,1,0
BRDA:467,45,0,0
BRDA:467,45,1,0
BRDA:467,46,0,0
BRDA:467,46,1,0
BRDA:467,47,0,0
BRDA:467,47,1,0
BRDA:467,48,0,0
BRDA:467,48,1,0
BRDA:473,49,0,0
BRDA:482,50,0,17
BRDA:482,51,0,0
BRDA:482,51,1,17
BRDA:482,52,0,17
BRDA:482,52,1,17
BRDA:484,53,0,0
BRDA:491,54,0,17
BRDA:491,55,0,0
BRDA:491,55,1,17
BRDA:491,56,0,17
BRDA:491,56,1,17
BRDA:493,57,0,0
BRDA:521,58,0,0
BRDA:521,59,0,0
BRDA:521,59,1,0
BRDA:521,60,0,0
BRDA:521,60,1,0
BRDA:521,61,0,0
BRDA:521,61,1,0
BRDA:521,62,0,0
BRDA:521,62,1,0
BRDA:529,63,0,0
BRDA:529,63,1,0
BRDA:529,64,0,0
BRDA:529,64,1,0
BRDA:530,65,0,0
BRDA:535,66,0,0
BRDA:535,66,1,0
BRDA:555,67,0,0
BRDA:560,68,0,0
BRDA:560,69,0,0
BRDA:560,69,1,0
BRDA:560,69,2,0
BRDA:573,70,0,0
BRDA:573,70,1,0
BRDA:573,71,0,0
BRDA:573,71,1,0
BRDA:574,72,0,0
BRDA:578,73,0,0
BRDA:578,73,1,0
BRDA:578,74,0,0
BRDA:578,74,1,0
BRDA:578,75,0,0
BRDA:578,75,1,0
BRDA:578,76,0,0
BRDA:578,76,1,0
BRDA:581,77,0,0
BRDA:581,77,1,0
BRDA:581,78,0,0
BRDA:581,78,1,0
BRDA:590,79,0,0
BRDA:590,80,0,0
BRDA:590,80,1,0
BRDA:635,81,0,0
BRDA:635,81,1,18
BRDA:635,82,0,18
BRDA:635,82,1,0
BRDA:660,83,0,0
BRDA:666,84,0,0
BRDA:666,84,1,83
BRDA:666,85,0,83
BRDA:666,85,1,83
BRDA:668,86,0,83
BRDA:680,87,0,0
BRDA:680,88,0,0
BRDA:680,88,1,0
BRDA:708,89,0,0
BRDA:708,90,0,0
BRDA:708,90,1,0
BRDA:733,91,0,0
BRDA:733,91,1,0
BRDA:734,92,0,0
BRDA:734,92,1,0
BRDA:735,93,0,0
BRDA:735,93,1,0
BRDA:736,94,0,0
BRDA:736,94,1,0
BRDA:767,95,0,0
BRDA:783,96,0,0
BRDA:783,96,1,0
BRDA:818,97,0,0
BRF:162
BRH:18
end_of_record
TN:
SF:src/settings.ts
FN:8,(anonymous_0)
FN:13,(anonymous_1)
FN:18,(anonymous_2)
FN:138,(anonymous_3)
FN:145,(anonymous_4)
FN:164,(anonymous_5)
FN:179,(anonymous_6)
FN:181,(anonymous_7)
FN:181,(anonymous_8)
FN:191,(anonymous_9)
FN:193,(anonymous_10)
FN:193,(anonymous_11)
FN:209,(anonymous_12)
FN:211,(anonymous_13)
FN:211,(anonymous_14)
FN:234,(anonymous_15)
FN:238,(anonymous_16)
FN:238,(anonymous_17)
FN:252,(anonymous_18)
FN:260,(anonymous_19)
FN:260,(anonymous_20)
FN:272,(anonymous_21)
FN:274,(anonymous_22)
FN:274,(anonymous_23)
FN:283,(anonymous_24)
FN:285,(anonymous_25)
FN:285,(anonymous_26)
FN:296,(anonymous_27)
FN:300,(anonymous_28)
FN:300,(anonymous_29)
FN:309,(anonymous_30)
FN:313,(anonymous_31)
FN:313,(anonymous_32)
FN:323,(anonymous_33)
FN:326,(anonymous_34)
FN:326,(anonymous_35)
FN:332,(anonymous_36)
FN:336,(anonymous_37)
FN:336,(anonymous_38)
FN:345,(anonymous_39)
FN:347,(anonymous_40)
FN:347,(anonymous_41)
FN:359,(anonymous_42)
FN:361,(anonymous_43)
FN:361,(anonymous_44)
FN:373,(anonymous_45)
FN:375,(anonymous_46)
FN:375,(anonymous_47)
FN:392,(anonymous_48)
FN:394,(anonymous_49)
FN:394,(anonymous_50)
FN:408,(anonymous_51)
FN:411,(anonymous_52)
FN:411,(anonymous_53)
FN:423,(anonymous_54)
FN:427,(anonymous_55)
FN:427,(anonymous_56)
FN:439,(anonymous_57)
FN:443,(anonymous_58)
FN:443,(anonymous_59)
FN:463,(anonymous_60)
FN:465,(anonymous_61)
FN:469,(anonymous_62)
FN:469,(anonymous_63)
FN:488,(anonymous_64)
FN:490,(anonymous_65)
FN:490,(anonymous_66)
FN:502,(anonymous_67)
FN:506,(anonymous_68)
FN:506,(anonymous_69)
FN:518,(anonymous_70)
FN:520,(anonymous_71)
FN:520,(anonymous_72)
FN:537,(anonymous_73)
FN:539,(anonymous_74)
FN:539,(anonymous_75)
FN:555,(anonymous_76)
FN:561,(anonymous_77)
FN:561,(anonymous_78)
FN:572,(anonymous_79)
FN:581,(anonymous_80)
FN:581,(anonymous_81)
FN:594,(anonymous_82)
FN:603,(anonymous_83)
FN:603,(anonymous_84)
FN:623,(anonymous_85)
FN:627,(anonymous_86)
FN:635,getSettings
FNF:88
FNH:4
FNDA:3,(anonymous_0)
FNDA:3,(anonymous_1)
FNDA:3,(anonymous_2)
FNDA:20,(anonymous_3)
FNDA:0,(anonymous_4)
FNDA:0,(anonymous_5)
FNDA:0,(anonymous_6)
FNDA:0,(anonymous_7)
FNDA:0,(anonymous_8)
FNDA:0,(anonymous_9)
FNDA:0,(anonymous_10)
FNDA:0,(anonymous_11)
FNDA:0,(anonymous_12)
FNDA:0,(anonymous_13)
FNDA:0,(anonymous_14)
FNDA:0,(anonymous_15)
FNDA:0,(anonymous_16)
FNDA:0,(anonymous_17)
FNDA:0,(anonymous_18)
FNDA:0,(anonymous_19)
FNDA:0,(anonymous_20)
FNDA:0,(anonymous_21)
FNDA:0,(anonymous_22)
FNDA:0,(anonymous_23)
FNDA:0,(anonymous_24)
FNDA:0,(anonymous_25)
FNDA:0,(anonymous_26)
FNDA:0,(anonymous_27)
FNDA:0,(anonymous_28)
FNDA:0,(anonymous_29)
FNDA:0,(anonymous_30)
FNDA:0,(anonymous_31)
FNDA:0,(anonymous_32)
FNDA:0,(anonymous_33)
FNDA:0,(anonymous_34)
FNDA:0,(anonymous_35)
FNDA:0,(anonymous_36)
FNDA:0,(anonymous_37)
FNDA:0,(anonymous_38)
FNDA:0,(anonymous_39)
FNDA:0,(anonymous_40)
FNDA:0,(anonymous_41)
FNDA:0,(anonymous_42)
FNDA:0,(anonymous_43)
FNDA:0,(anonymous_44)
FNDA:0,(anonymous_45)
FNDA:0,(anonymous_46)
FNDA:0,(anonymous_47)
FNDA:0,(anonymous_48)
FNDA:0,(anonymous_49)
FNDA:0,(anonymous_50)
FNDA:0,(anonymous_51)
FNDA:0,(anonymous_52)
FNDA:0,(anonymous_53)
FNDA:0,(anonymous_54)
FNDA:0,(anonymous_55)
FNDA:0,(anonymous_56)
FNDA:0,(anonymous_57)
FNDA:0,(anonymous_58)
FNDA:0,(anonymous_59)
FNDA:0,(anonymous_60)
FNDA:0,(anonymous_61)
FNDA:0,(anonymous_62)
FNDA:0,(anonymous_63)
FNDA:0,(anonymous_64)
FNDA:0,(anonymous_65)
FNDA:0,(anonymous_66)
FNDA:0,(anonymous_67)
FNDA:0,(anonymous_68)
FNDA:0,(anonymous_69)
FNDA:0,(anonymous_70)
FNDA:0,(anonymous_71)
FNDA:0,(anonymous_72)
FNDA:0,(anonymous_73)
FNDA:0,(anonymous_74)
FNDA:0,(anonymous_75)
FNDA:0,(anonymous_76)
FNDA:0,(anonymous_77)
FNDA:0,(anonymous_78)
FNDA:0,(anonymous_79)
FNDA:0,(anonymous_80)
FNDA:0,(anonymous_81)
FNDA:0,(anonymous_82)
FNDA:0,(anonymous_83)
FNDA:0,(anonymous_84)
FNDA:0,(anonymous_85)
FNDA:0,(anonymous_86)
FNDA:0,getSettings
DA:1,3
DA:2,3
DA:3,3
DA:4,3
DA:5,3
DA:6,3
DA:8,3
DA:9,3
DA:10,3
DA:13,3
DA:14,3
DA:15,3
DA:18,3
DA:19,3
DA:20,3
DA:21,3
DA:22,3
DA:85,3
DA:87,3
DA:133,3
DA:139,20
DA:140,20
DA:141,20
DA:142,20
DA:146,0
DA:148,0
DA:151,0
DA:157,0
DA:161,0
DA:165,0
DA:166,0
DA:167,0
DA:168,0
DA:175,0
DA:180,0
DA:181,0
DA:182,0
DA:183,0
DA:187,0
DA:192,0
DA:193,0
DA:194,0
DA:195,0
DA:202,0
DA:206,0
DA:210,0
DA:211,0
DA:212,0
DA:213,0
DA:222,0
DA:226,0
DA:230,0
DA:235,0
DA:236,0
DA:237,0
DA:238,0
DA:239,0
DA:240,0
DA:242,0
DA:243,0
DA:247,0
DA:248,0
DA:253,0
DA:254,0
DA:255,0
DA:256,0
DA:257,0
DA:259,0
DA:260,0
DA:261,0
DA:262,0
DA:264,0
DA:269,0
DA:273,0
DA:274,0
DA:275,0
DA:276,0
DA:280,0
DA:284,0
DA:285,0
DA:286,0
DA:287,0
DA:288,0
DA:292,0
DA:293,0
DA:297,0
DA:298,0
DA:299,0
DA:300,0
DA:301,0
DA:302,0
DA:306,0
DA:310,0
DA:311,0
DA:312,0
DA:313,0
DA:314,0
DA:315,0
DA:320,0
DA:324,0
DA:325,0
DA:326,0
DA:327,0
DA:328,0
DA:329,0
DA:333,0
DA:334,0
DA:336,0
DA:337,0
DA:338,0
DA:342,0
DA:346,0
DA:347,0
DA:348,0
DA:349,0
DA:351,0
DA:352,0
DA:356,0
DA:360,0
DA:361,0
DA:362,0
DA:363,0
DA:365,0
DA:366,0
DA:370,0
DA:374,0
DA:375,0
DA:376,0
DA:377,0
DA:379,0
DA:380,0
DA:385,0
DA:389,0
DA:393,0
DA:394,0
DA:395,0
DA:396,0
DA:398,0
DA:399,0
DA:400,0
DA:404,0
DA:405,0
DA:409,0
DA:410,0
DA:411,0
DA:412,0
DA:413,0
DA:415,0
DA:416,0
DA:420,0
DA:424,0
DA:425,0
DA:426,0
DA:427,0
DA:428,0
DA:429,0
DA:431,0
DA:432,0
DA:436,0
DA:440,0
DA:441,0
DA:442,0
DA:443,0
DA:444,0
DA:445,0
DA:447,0
DA:448,0
DA:456,0
DA:460,0
DA:464,0
DA:465,0
DA:466,0
DA:467,0
DA:469,0
DA:471,0
DA:472,0
DA:474,0
DA:481,0
DA:485,0
DA:489,0
DA:490,0
DA:491,0
DA:492,0
DA:494,0
DA:495,0
DA:499,0
DA:503,0
DA:504,0
DA:505,0
DA:506,0
DA:507,0
DA:508,0
DA:510,0
DA:511,0
DA:515,0
DA:519,0
DA:520,0
DA:521,0
DA:522,0
DA:524,0
DA:525,0
DA:530,0
DA:534,0
DA:538,0
DA:539,0
DA:540,0
DA:541,0
DA:543,0
DA:544,0
DA:545,0
DA:549,0
DA:552,0
DA:556,0
DA:557,0
DA:558,0
DA:559,0
DA:560,0
DA:561,0
DA:562,0
DA:563,0
DA:565,0
DA:566,0
DA:570,0
DA:573,0
DA:574,0
DA:575,0
DA:576,0
DA:579,0
DA:581,0
DA:582,0
DA:583,0
DA:585,0
DA:587,0
DA:588,0
DA:592,0
DA:595,0
DA:596,0
DA:597,0
DA:598,0
DA:601,0
DA:603,0
DA:604,0
DA:605,0
DA:607,0
DA:609,0
DA:610,0
DA:616,0
DA:620,0
DA:624,0
DA:628,0
DA:629,0
DA:635,3
DA:636,0
DA:638,0
DA:640,0
LF:255
LH:25
BRDA:8,0,0,3
BRDA:8,0,1,3
BRDA:13,1,0,3
BRDA:13,1,1,3
BRDA:18,2,0,3
BRDA:18,2,1,3
BRDA:180,3,0,0
BRDA:180,3,1,0
BRDA:180,4,0,0
BRDA:180,4,1,0
BRDA:192,5,0,0
BRDA:192,5,1,0
BRDA:192,6,0,0
BRDA:192,6,1,0
BRDA:239,7,0,0
BRDA:239,8,0,0
BRDA:239,8,1,0
BRDA:247,9,0,0
BRDA:255,10,0,0
BRDA:261,11,0,0
BRDA:261,12,0,0
BRDA:261,12,1,0
BRDA:292,13,0,0
BRDA:333,14,0,0
BRDA:346,15,0,0
BRDA:346,15,1,0
BRDA:346,16,0,0
BRDA:346,16,1,0
BRDA:346,17,0,0
BRDA:346,17,1,0
BRDA:346,18,0,0
BRDA:346,18,1,0
BRDA:348,19,0,0
BRDA:360,20,0,0
BRDA:360,20,1,0
BRDA:360,21,0,0
BRDA:360,21,1,0
BRDA:360,22,0,0
BRDA:360,22,1,0
BRDA:360,23,0,0
BRDA:360,23,1,0
BRDA:362,24,0,0
BRDA:374,25,0,0
BRDA:374,25,1,0
BRDA:374,26,0,0
BRDA:374,26,1,0
BRDA:374,27,0,0
BRDA:374,27,1,0
BRDA:374,28,0,0
BRDA:374,28,1,0
BRDA:376,29,0,0
BRDA:393,30,0,0
BRDA:393,30,1,0
BRDA:393,31,0,0
BRDA:393,31,1,0
BRDA:393,32,0,0
BRDA:393,32,1,0
BRDA:393,33,0,0
BRDA:393,33,1,0
BRDA:395,34,0,0
BRDA:404,35,0,0
BRDA:404,36,0,0
BRDA:404,36,1,0
BRDA:404,37,0,0
BRDA:404,37,1,0
BRDA:409,38,0,0
BRDA:409,38,1,0
BRDA:409,39,0,0
BRDA:409,39,1,0
BRDA:409,40,0,0
BRDA:409,40,1,0
BRDA:409,41,0,0
BRDA:409,41,1,0
BRDA:412,42,0,0
BRDA:425,43,0,0
BRDA:425,43,1,0
BRDA:425,44,0,0
BRDA:425,44,1,0
BRDA:425,45,0,0
BRDA:425,45,1,0
BRDA:425,46,0,0
BRDA:425,46,1,0
BRDA:428,47,0,0
BRDA:441,48,0,0
BRDA:441,48,1,0
BRDA:441,49,0,0
BRDA:441,49,1,0
BRDA:441,50,0,0
BRDA:441,50,1,0
BRDA:441,51,0,0
BRDA:441,51,1,0
BRDA:444,52,0,0
BRDA:489,53,0,0
BRDA:489,53,1,0
BRDA:489,54,0,0
BRDA:489,54,1,0
BRDA:489,55,0,0
BRDA:489,55,1,0
BRDA:489,56,0,0
BRDA:489,56,1,0
BRDA:491,57,0,0
BRDA:504,58,0,0
BRDA:504,58,1,0
BRDA:504,59,0,0
BRDA:504,59,1,0
BRDA:504,60,0,0
BRDA:504,60,1,0
BRDA:504,61,0,0
BRDA:504,61,1,0
BRDA:507,62,0,0
BRDA:519,63,0,0
BRDA:519,63,1,0
BRDA:519,64,0,0
BRDA:519,64,1,0
BRDA:519,65,0,0
BRDA:519,65,1,0
BRDA:519,66,0,0
BRDA:519,66,1,0
BRDA:521,67,0,0
BRDA:538,68,0,0
BRDA:538,68,1,0
BRDA:538,69,0,0
BRDA:538,69,1,0
BRDA:538,70,0,0
BRDA:538,70,1,0
BRDA:538,71,0,0
BRDA:538,71,1,0
BRDA:540,72,0,0
BRDA:549,73,0,0
BRDA:549,74,0,0
BRDA:549,74,1,0
BRDA:549,75,0,0
BRDA:549,75,1,0
BRDA:560,76,0,0
BRDA:560,76,1,0
BRDA:560,77,0,0
BRDA:560,77,1,0
BRDA:560,78,0,0
BRDA:560,78,1,0
BRDA:560,79,0,0
BRDA:560,79,1,0
BRDA:562,80,0,0
BRDA:573,81,0,0
BRDA:573,81,1,0
BRDA:573,82,0,0
BRDA:573,82,1,0
BRDA:573,83,0,0
BRDA:573,83,1,0
BRDA:573,84,0,0
BRDA:573,84,1,0
BRDA:582,85,0,0
BRDA:595,86,0,0
BRDA:595,86,1,0
BRDA:595,87,0,0
BRDA:595,87,1,0
BRDA:595,88,0,0
BRDA:595,88,1,0
BRDA:595,89,0,0
BRDA:595,89,1,0
BRDA:604,90,0,0
BRDA:636,91,0,0
BRF:161
BRH:6
end_of_record
TN:
SF:src/core/atomic-def-parser.ts
FN:12,(anonymous_0)
FN:19,(anonymous_1)
FNF:2
FNH:0
FNDA:0,(anonymous_0)
FNDA:0,(anonymous_1)
DA:1,3
DA:3,3
DA:4,3
DA:5,3
DA:8,3
DA:13,0
DA:15,0
DA:16,0
DA:20,0
DA:21,0
DA:24,0
DA:27,0
DA:28,0
DA:30,0
DA:31,0
DA:32,0
DA:37,0
DA:38,0
DA:39,0
DA:40,0
DA:41,0
DA:45,0
DA:46,0
DA:47,0
DA:50,0
DA:51,0
DA:52,0
DA:53,0
DA:54,0
DA:55,0
DA:58,0
DA:61,0
DA:62,0
DA:63,0
DA:64,0
DA:65,0
DA:66,0
DA:67,0
DA:69,0
DA:73,0
DA:74,0
DA:75,0
DA:76,0
DA:77,0
DA:78,0
DA:79,0
DA:80,0
DA:82,0
DA:86,0
DA:101,0
LF:50
LH:5
BRDA:20,0,0,0
BRDA:28,1,0,0
BRDA:28,2,0,0
BRDA:28,2,1,0
BRDA:28,3,0,0
BRDA:28,3,1,0
BRDA:28,4,0,0
BRDA:28,4,1,0
BRDA:28,5,0,0
BRDA:28,5,1,0
BRDA:31,6,0,0
BRDA:38,7,0,0
BRDA:38,8,0,0
BRDA:38,8,1,0
BRDA:38,9,0,0
BRDA:38,9,1,0
BRDA:38,10,0,0
BRDA:38,10,1,0
BRDA:38,11,0,0
BRDA:38,11,1,0
BRDA:40,12,0,0
BRDA:45,13,0,0
BRDA:45,13,1,0
BRDA:45,14,0,0
BRDA:45,14,1,0
BRDA:46,15,0,0
BRDA:64,16,0,0
BRDA:65,17,0,0
BRDA:75,18,0,0
BRDA:75,18,1,0
BRDA:75,19,0,0
BRDA:75,19,1,0
BRDA:75,19,2,0
BRDA:77,20,0,0
BRDA:77,20,1,0
BRDA:79,21,0,0
BRDA:79,21,1,0
BRF:37
BRH:0
end_of_record
TN:
SF:src/core/base-def-parser.ts
FN:6,(anonymous_0)
FN:10,(anonymous_1)
FNF:2
FNH:0
FNDA:0,(anonymous_0)
FNDA:0,(anonymous_1)
DA:1,3
DA:3,3
DA:7,0
DA:11,0
LF:4
LH:2
BRDA:7,0,0,0
BRDA:7,0,1,0
BRF:2
BRH:0
end_of_record
TN:
SF:src/core/company-colors.ts
FN:37,getAvailableColorNames
FN:42,parseColorValue
FN:66,getColorPreview
FNF:3
FNH:1
FNDA:0,getAvailableColorNames
FNDA:8,parseColorValue
FNDA:0,getColorPreview
DA:2,4
DA:37,4
DA:38,0
DA:42,4
DA:44,8
DA:47,6
DA:48,2
DA:52,4
DA:53,1
DA:57,3
DA:58,0
DA:62,3
DA:66,4
DA:67,0
DA:68,0
DA:70,0
LF:16
LH:11
BRDA:47,0,0,2
BRDA:52,1,0,1
BRDA:52,2,0,4
BRDA:52,2,1,1
BRDA:57,3,0,0
BRDA:68,4,0,0
BRDA:68,4,1,0
BRF:7
BRH:4
end_of_record
TN:
SF:src/core/company-csv-service.ts
FN:26,(anonymous_0)
FN:34,(anonymous_1)
FN:60,(anonymous_3)
FN:102,(anonymous_5)
FN:116,(anonymous_6)
FN:132,(anonymous_7)
FN:159,(anonymous_8)
FN:191,(anonymous_9)
FN:209,(anonymous_10)
FN:212,(anonymous_12)
FN:239,(anonymous_13)
FN:242,(anonymous_15)
FN:250,(anonymous_16)
FN:260,(anonymous_17)
FN:265,(anonymous_18)
FN:276,(anonymous_20)
FN:294,(anonymous_21)
FN:315,(anonymous_22)
FN:336,(anonymous_23)
FN:341,(anonymous_24)
FN:351,(anonymous_25)
FNF:21
FNH:21
FNDA:15,(anonymous_0)
FNDA:3,(anonymous_1)
FNDA:12,(anonymous_3)
FNDA:12,(anonymous_5)
FNDA:20,(anonymous_6)
FNDA:27,(anonymous_7)
FNDA:10,(anonymous_8)
FNDA:15,(anonymous_9)
FNDA:15,(anonymous_10)
FNDA:15,(anonymous_12)
FNDA:18,(anonymous_13)
FNDA:18,(anonymous_15)
FNDA:4,(anonymous_16)
FNDA:7,(anonymous_17)
FNDA:2,(anonymous_18)
FNDA:11,(anonymous_20)
FNDA:2,(anonymous_21)
FNDA:3,(anonymous_22)
FNDA:6,(anonymous_23)
FNDA:3,(anonymous_24)
FNDA:18,(anonymous_25)
DA:2,3
DA:3,3
DA:22,3
DA:27,15
DA:28,15
DA:35,3
DA:36,3
DA:38,3
DA:39,1
DA:43,2
DA:46,2
DA:47,3
DA:48,3
DA:51,2
DA:53,0
DA:61,12
DA:68,12
DA:70,12
DA:71,9
DA:72,0
DA:76,9
DA:77,15
DA:78,15
DA:79,15
DA:80,2
DA:82,13
DA:85,0
DA:89,9
DA:92,9
DA:95,3
DA:96,3
DA:99,9
DA:103,12
DA:104,12
DA:105,2
DA:108,10
DA:109,10
DA:111,9
DA:113,9
DA:114,17
DA:115,17
DA:116,20
DA:117,2
DA:120,15
DA:121,15
DA:122,15
DA:125,0
DA:129,9
DA:133,27
DA:134,27
DA:135,27
DA:137,27
DA:138,918
DA:140,918
DA:141,7
DA:142,0
DA:143,0
DA:145,7
DA:147,911
DA:148,60
DA:149,60
DA:151,851
DA:155,27
DA:156,27
DA:160,10
DA:163,10
DA:172,10
DA:173,35
DA:175,35
DA:176,94
DA:177,34
DA:178,34
DA:184,10
DA:185,1
DA:188,9
DA:192,15
DA:194,15
DA:195,0
DA:196,0
DA:199,15
DA:211,15
DA:212,15
DA:213,15
DA:216,15
DA:218,4
DA:219,4
DA:220,2
DA:221,2
DA:223,2
DA:227,11
DA:236,11
DA:240,18
DA:241,18
DA:242,18
DA:243,18
DA:245,0
DA:246,0
DA:251,4
DA:261,7
DA:262,2
DA:266,2
DA:273,2
DA:277,11
DA:279,11
DA:280,2
DA:283,11
DA:284,2
DA:287,11
DA:288,1
DA:291,11
DA:295,2
DA:298,2
DA:299,0
DA:303,2
DA:304,1
DA:308,2
DA:309,0
DA:312,2
DA:317,3
DA:318,3
DA:321,3
DA:326,3
DA:337,6
DA:338,6
DA:342,3
DA:351,3
DA:353,18
DA:354,3
DA:356,15
LF:129
LH:117
BRDA:38,0,0,1
BRDA:71,1,0,0
BRDA:79,2,0,2
BRDA:79,2,1,13
BRDA:104,3,0,2
BRDA:116,4,0,2
BRDA:116,5,0,17
BRDA:116,5,1,17
BRDA:121,6,0,15
BRDA:140,7,0,7
BRDA:140,7,1,911
BRDA:141,8,0,0
BRDA:141,8,1,7
BRDA:141,9,0,7
BRDA:141,9,1,3
BRDA:147,10,0,60
BRDA:147,10,1,851
BRDA:147,11,0,911
BRDA:147,11,1,63
BRDA:176,12,0,34
BRDA:184,13,0,1
BRDA:192,14,0,0
BRDA:192,14,1,15
BRDA:192,15,0,15
BRDA:192,15,1,15
BRDA:194,16,0,0
BRDA:201,17,0,15
BRDA:201,17,1,3
BRDA:201,18,0,3
BRDA:201,18,1,12
BRDA:201,19,0,15
BRDA:201,19,1,15
BRDA:202,20,0,15
BRDA:202,20,1,3
BRDA:202,21,0,3
BRDA:202,21,1,12
BRDA:202,22,0,15
BRDA:202,22,1,15
BRDA:203,23,0,15
BRDA:203,23,1,13
BRDA:203,24,0,13
BRDA:203,24,1,2
BRDA:203,25,0,15
BRDA:203,25,1,15
BRDA:204,26,0,15
BRDA:204,26,1,11
BRDA:204,27,0,11
BRDA:204,27,1,4
BRDA:204,28,0,15
BRDA:204,28,1,15
BRDA:205,29,0,15
BRDA:205,29,1,14
BRDA:205,30,0,14
BRDA:205,30,1,1
BRDA:205,31,0,15
BRDA:205,31,1,15
BRDA:216,32,0,4
BRDA:219,33,0,2
BRDA:229,34,0,11
BRDA:229,34,1,3
BRDA:230,35,0,11
BRDA:230,35,1,3
BRDA:252,36,0,4
BRDA:252,36,1,3
BRDA:252,36,2,2
BRDA:252,36,3,2
BRDA:252,36,4,2
BRDA:252,37,0,4
BRDA:252,37,1,0
BRDA:253,38,0,3
BRDA:253,38,1,0
BRDA:261,39,0,5
BRDA:268,40,0,2
BRDA:268,40,1,0
BRDA:269,41,0,2
BRDA:269,41,1,0
BRDA:279,42,0,2
BRDA:283,43,0,2
BRDA:287,44,0,1
BRDA:298,45,0,0
BRDA:298,46,0,2
BRDA:298,46,1,0
BRDA:303,47,0,1
BRDA:303,48,0,2
BRDA:303,48,1,1
BRDA:308,49,0,0
BRDA:308,50,0,2
BRDA:308,50,1,0
BRDA:328,51,0,3
BRDA:328,51,1,0
BRDA:329,52,0,3
BRDA:329,52,1,0
BRDA:330,53,0,3
BRDA:330,53,1,1
BRDA:331,54,0,3
BRDA:331,54,1,1
BRDA:332,55,0,3
BRDA:332,55,1,2
BRDA:338,56,0,3
BRDA:338,56,1,3
BRDA:343,57,0,3
BRDA:343,57,1,0
BRDA:344,58,0,3
BRDA:344,58,1,0
BRDA:345,59,0,3
BRDA:345,59,1,0
BRDA:346,60,0,3
BRDA:346,60,1,1
BRDA:347,61,0,3
BRDA:347,61,1,1
BRDA:348,62,0,3
BRDA:348,62,1,2
BRDA:353,63,0,3
BRDA:353,64,0,18
BRDA:353,64,1,14
BRDA:353,64,2,13
BRDA:353,64,3,12
BRDA:356,65,0,15
BRDA:356,65,1,4
BRF:119
BRH:102
end_of_record
TN:
SF:src/core/company-manager.ts
FN:8,(anonymous_0)
FN:15,(anonymous_1)
FN:44,(anonymous_2)
FN:50,(anonymous_3)
FN:52,(anonymous_4)
FN:58,(anonymous_5)
FN:72,(anonymous_7)
FN:78,(anonymous_8)
FN:131,(anonymous_10)
FN:147,(anonymous_12)
FN:189,(anonymous_13)
FN:195,(anonymous_14)
FN:214,(anonymous_16)
FN:219,(anonymous_17)
FN:220,(anonymous_18)
FN:227,initCompanyManager
FN:232,getCompanyManager
FNF:17
FNH:0
FNDA:0,(anonymous_0)
FNDA:0,(anonymous_1)
FNDA:0,(anonymous_2)
FNDA:0,(anonymous_3)
FNDA:0,(anonymous_4)
FNDA:0,(anonymous_5)
FNDA:0,(anonymous_7)
FNDA:0,(anonymous_8)
FNDA:0,(anonymous_10)
FNDA:0,(anonymous_12)
FNDA:0,(anonymous_13)
FNDA:0,(anonymous_14)
FNDA:0,(anonymous_16)
FNDA:0,(anonymous_17)
FNDA:0,(anonymous_18)
FNDA:0,initCompanyManager
FNDA:0,getCompanyManager
DA:1,1
DA:3,1
DA:5,1
DA:9,0
DA:16,0
DA:17,0
DA:18,0
DA:20,0
DA:21,0
DA:25,0
DA:26,0
DA:27,0
DA:28,0
DA:30,0
DA:31,0
DA:44,0
DA:51,0
DA:52,0
DA:59,0
DA:60,0
DA:63,0
DA:64,0
DA:65,0
DA:66,0
DA:67,0
DA:72,0
DA:79,0
DA:80,0
DA:81,0
DA:83,0
DA:84,0
DA:87,0
DA:88,0
DA:91,0
DA:92,0
DA:93,0
DA:97,0
DA:98,0
DA:99,0
DA:100,0
DA:102,0
DA:105,0
DA:106,0
DA:107,0
DA:111,0
DA:112,0
DA:113,0
DA:114,0
DA:115,0
DA:116,0
DA:117,0
DA:120,0
DA:123,0
DA:125,0
DA:132,0
DA:133,0
DA:134,0
DA:136,0
DA:137,0
DA:140,0
DA:141,0
DA:142,0
DA:143,0
DA:147,0
DA:149,0
DA:150,0
DA:152,0
DA:156,0
DA:157,0
DA:162,0
DA:163,0
DA:165,0
DA:167,0
DA:168,0
DA:170,0
DA:171,0
DA:173,0
DA:177,0
DA:178,0
DA:181,0
DA:182,0
DA:183,0
DA:184,0
DA:188,0
DA:189,0
DA:196,0
DA:197,0
DA:198,0
DA:201,0
DA:202,0
DA:204,0
DA:207,0
DA:208,0
DA:215,0
DA:217,0
DA:219,0
DA:220,0
DA:227,1
DA:228,0
DA:229,0
DA:232,1
DA:233,0
LF:102
LH:5
BRDA:18,0,0,0
BRDA:18,0,1,0
BRDA:18,1,0,0
BRDA:18,1,1,0
BRDA:20,2,0,0
BRDA:27,3,0,0
BRDA:27,4,0,0
BRDA:27,4,1,0
BRDA:30,5,0,0
BRDA:33,6,0,0
BRDA:33,6,1,0
BRDA:34,7,0,0
BRDA:34,7,1,0
BRDA:35,8,0,0
BRDA:35,8,1,0
BRDA:52,9,0,0
BRDA:52,9,1,0
BRDA:63,10,0,0
BRDA:63,11,0,0
BRDA:63,11,1,0
BRDA:63,12,0,0
BRDA:63,12,1,0
BRDA:66,13,0,0
BRDA:83,14,0,0
BRDA:92,15,0,0
BRDA:99,16,0,0
BRDA:106,17,0,0
BRDA:133,18,0,0
BRDA:141,19,0,0
BRDA:141,19,1,0
BRDA:141,20,0,0
BRDA:141,20,1,0
BRDA:142,21,0,0
BRDA:149,22,0,0
BRDA:149,22,1,0
BRDA:156,23,0,0
BRDA:163,24,0,0
BRDA:163,24,1,0
BRDA:163,25,0,0
BRDA:163,25,1,0
BRDA:163,26,0,0
BRDA:163,26,1,0
BRDA:165,27,0,0
BRDA:165,27,1,0
BRDA:165,28,0,0
BRDA:165,28,1,0
BRDA:168,29,0,0
BRDA:168,29,1,0
BRDA:168,30,0,0
BRDA:168,30,1,0
BRDA:171,31,0,0
BRDA:171,32,0,0
BRDA:171,32,1,0
BRDA:182,33,0,0
BRDA:182,33,1,0
BRDA:182,34,0,0
BRDA:182,34,1,0
BRDA:183,35,0,0
BRDA:197,36,0,0
BRDA:201,37,0,0
BRF:60
BRH:0
end_of_record
TN:
SF:src/core/consolidated-def-parser.ts
FN:31,(anonymous_0)
FN:48,(anonymous_1)
FN:103,(anonymous_3)
FN:153,(anonymous_4)
FN:182,(anonymous_5)
FN:186,(anonymous_6)
FN:193,(anonymous_7)
FN:197,(anonymous_8)
FN:201,(anonymous_9)
FN:205,(anonymous_10)
FN:209,(anonymous_11)
FN:213,(anonymous_12)
FN:217,(anonymous_13)
FNF:13
FNH:0
FNDA:0,(anonymous_0)
FNDA:0,(anonymous_1)
FNDA:0,(anonymous_3)
FNDA:0,(anonymous_4)
FNDA:0,(anonymous_5)
FNDA:0,(anonymous_6)
FNDA:0,(anonymous_7)
FNDA:0,(anonymous_8)
FNDA:0,(anonymous_9)
FNDA:0,(anonymous_10)
FNDA:0,(anonymous_11)
FNDA:0,(anonymous_12)
FNDA:0,(anonymous_13)
DA:2,3
DA:4,3
DA:6,3
DA:7,3
DA:10,3
DA:32,0
DA:34,0
DA:35,0
DA:37,0
DA:39,0
DA:40,0
DA:41,0
DA:42,0
DA:43,0
DA:44,0
DA:45,0
DA:49,0
DA:50,0
DA:54,0
DA:56,0
DA:58,0
DA:59,0
DA:60,0
DA:64,0
DA:66,0
DA:67,0
DA:68,0
DA:73,0
DA:74,0
DA:75,0
DA:79,0
DA:80,0
DA:82,0
DA:83,0
DA:84,0
DA:85,0
DA:86,0
DA:87,0
DA:89,0
DA:94,0
DA:95,0
DA:98,0
DA:104,0
DA:105,0
DA:107,0
DA:108,0
DA:110,0
DA:111,0
DA:112,0
DA:114,0
DA:115,0
DA:117,0
DA:118,0
DA:119,0
DA:123,0
DA:124,0
DA:126,0
DA:127,0
DA:128,0
DA:131,0
DA:132,0
DA:134,0
DA:135,0
DA:136,0
DA:138,0
DA:139,0
DA:140,0
DA:143,0
DA:144,0
DA:146,0
DA:147,0
DA:148,0
DA:150,0
DA:154,0
DA:156,0
DA:157,0
DA:178,0
DA:179,0
DA:183,0
DA:187,0
DA:188,0
DA:190,0
DA:194,0
DA:198,0
DA:202,0
DA:206,0
DA:210,0
DA:214,0
DA:218,0
LF:89
LH:5
BRDA:37,0,0,0
BRDA:37,0,1,0
BRDA:49,1,0,0
BRDA:56,2,0,0
BRDA:56,3,0,0
BRDA:56,3,1,0
BRDA:56,4,0,0
BRDA:56,4,1,0
BRDA:56,5,0,0
BRDA:56,5,1,0
BRDA:56,6,0,0
BRDA:56,6,1,0
BRDA:59,7,0,0
BRDA:64,8,0,0
BRDA:64,9,0,0
BRDA:64,9,1,0
BRDA:64,10,0,0
BRDA:64,10,1,0
BRDA:64,11,0,0
BRDA:64,11,1,0
BRDA:64,12,0,0
BRDA:64,12,1,0
BRDA:67,13,0,0
BRDA:73,14,0,0
BRDA:73,14,1,0
BRDA:73,15,0,0
BRDA:73,15,1,0
BRDA:74,16,0,0
BRDA:84,17,0,0
BRDA:85,18,0,0
BRDA:94,19,0,0
BRDA:110,20,0,0
BRDA:111,21,0,0
BRDA:117,22,0,0
BRDA:123,23,0,0
BRDA:126,24,0,0
BRDA:134,25,0,0
BRDA:138,26,0,0
BRDA:147,27,0,0
BRDA:154,28,0,0
BRDA:154,28,1,0
BRDA:154,29,0,0
BRDA:154,29,1,0
BRDA:156,30,0,0
BRDA:156,30,1,0
BRDA:156,31,0,0
BRDA:156,31,1,0
BRDA:160,32,0,0
BRDA:160,32,1,0
BRDA:160,33,0,0
BRDA:160,33,1,0
BRDA:161,34,0,0
BRDA:161,34,1,0
BRDA:161,35,0,0
BRDA:161,35,1,0
BRDA:164,36,0,0
BRDA:164,36,1,0
BRDA:167,37,0,0
BRDA:167,37,1,0
BRDA:167,38,0,0
BRDA:167,38,1,0
BRDA:167,39,0,0
BRDA:167,39,1,0
BRDA:167,40,0,0
BRDA:167,40,1,0
BRDA:187,41,0,0
BRDA:187,42,0,0
BRDA:187,42,1,0
BRDA:190,43,0,0
BRDA:190,43,1,0
BRDA:194,44,0,0
BRDA:194,44,1,0
BRDA:194,44,2,0
BRF:73
BRH:0
end_of_record
TN:
SF:src/core/csv-import-service.ts
FN:36,(anonymous_0)
FN:41,(anonymous_1)
FN:81,(anonymous_3)
FN:95,(anonymous_4)
FN:111,(anonymous_5)
FN:138,(anonymous_6)
FN:173,(anonymous_7)
FN:192,(anonymous_8)
FN:202,(anonymous_9)
FN:208,(anonymous_10)
FN:216,(anonymous_12)
FN:249,(anonymous_13)
FN:254,(anonymous_15)
FN:265,(anonymous_16)
FN:271,(anonymous_18)
FN:311,(anonymous_19)
FN:314,(anonymous_21)
FN:341,(anonymous_22)
FN:345,(anonymous_24)
FN:353,(anonymous_25)
FN:362,(anonymous_26)
FN:373,(anonymous_28)
FN:387,(anonymous_29)
FN:403,(anonymous_30)
FN:416,(anonymous_32)
FN:428,(anonymous_33)
FN:438,(anonymous_34)
FN:440,(anonymous_35)
FN:450,(anonymous_36)
FN:452,(anonymous_37)
FN:464,(anonymous_38)
FNF:31
FNH:22
FNDA:11,(anonymous_0)
FNDA:11,(anonymous_1)
FNDA:11,(anonymous_3)
FNDA:20,(anonymous_4)
FNDA:26,(anonymous_5)
FNDA:9,(anonymous_6)
FNDA:15,(anonymous_7)
FNDA:8,(anonymous_8)
FNDA:15,(anonymous_9)
FNDA:15,(anonymous_10)
FNDA:0,(anonymous_12)
FNDA:15,(anonymous_13)
FNDA:0,(anonymous_15)
FNDA:15,(anonymous_16)
FNDA:0,(anonymous_18)
FNDA:15,(anonymous_19)
FNDA:0,(anonymous_21)
FNDA:15,(anonymous_22)
FNDA:15,(anonymous_24)
FNDA:0,(anonymous_25)
FNDA:0,(anonymous_26)
FNDA:15,(anonymous_28)
FNDA:0,(anonymous_29)
FNDA:8,(anonymous_30)
FNDA:8,(anonymous_32)
FNDA:15,(anonymous_33)
FNDA:15,(anonymous_34)
FNDA:15,(anonymous_35)
FNDA:15,(anonymous_36)
FNDA:0,(anonymous_37)
FNDA:0,(anonymous_38)
DA:2,2
DA:3,2
DA:4,2
DA:32,2
DA:37,11
DA:38,11
DA:42,11
DA:50,11
DA:52,11
DA:53,8
DA:54,0
DA:58,8
DA:61,8
DA:62,15
DA:65,8
DA:68,8
DA:71,8
DA:74,3
DA:75,3
DA:78,8
DA:82,11
DA:83,11
DA:84,2
DA:87,9
DA:88,9
DA:90,8
DA:92,8
DA:93,17
DA:94,17
DA:95,20
DA:96,2
DA:99,15
DA:100,15
DA:101,15
DA:104,0
DA:108,8
DA:112,26
DA:113,26
DA:114,26
DA:116,26
DA:117,888
DA:119,888
DA:120,7
DA:121,0
DA:122,0
DA:124,7
DA:126,881
DA:127,62
DA:128,62
DA:130,819
DA:134,26
DA:135,26
DA:139,9
DA:142,9
DA:151,9
DA:152,30
DA:154,30
DA:155,74
DA:156,30
DA:157,30
DA:163,9
DA:164,1
DA:166,8
DA:167,0
DA:170,8
DA:174,15
DA:175,15
DA:177,15
DA:178,0
DA:179,0
DA:182,15
DA:193,8
DA:195,8
DA:196,15
DA:197,15
DA:199,15
DA:202,15
DA:209,15
DA:211,15
DA:214,15
DA:215,15
DA:216,15
DA:217,0
DA:220,15
DA:221,15
DA:225,15
DA:226,15
DA:228,15
DA:229,15
DA:230,15
DA:231,15
DA:232,0
DA:234,15
DA:237,0
DA:241,15
DA:242,15
DA:245,0
DA:250,15
DA:251,15
DA:254,15
DA:255,0
DA:257,15
DA:258,0
DA:262,15
DA:266,15
DA:267,15
DA:270,15
DA:271,15
DA:272,0
DA:276,15
DA:278,0
DA:281,15
DA:284,15
DA:285,15
DA:286,15
DA:287,0
DA:288,0
DA:292,15
DA:303,15
DA:306,15
DA:308,15
DA:313,15
DA:314,15
DA:315,0
DA:318,15
DA:320,0
DA:321,0
DA:322,0
DA:323,0
DA:325,0
DA:329,15
DA:338,15
DA:342,15
DA:343,15
DA:344,15
DA:345,15
DA:346,15
DA:348,0
DA:349,0
DA:354,0
DA:363,0
DA:370,0
DA:374,15
DA:376,15
DA:377,2
DA:380,15
DA:381,2
DA:384,15
DA:388,0
DA:391,0
DA:392,0
DA:396,0
DA:397,0
DA:400,0
DA:404,8
DA:405,8
DA:407,8
DA:408,8
DA:409,8
DA:411,8
DA:413,8
DA:417,8
DA:419,8
DA:420,8
DA:421,8
DA:422,8
DA:425,8
DA:426,8
DA:427,8
DA:428,8
DA:429,15
DA:432,0
DA:434,8
DA:437,8
DA:438,15
DA:439,8
DA:440,8
DA:441,15
DA:444,0
DA:446,8
DA:449,8
DA:450,15
DA:451,8
DA:452,0
DA:453,0
DA:456,8
DA:458,8
DA:461,8
DA:462,8
DA:463,0
DA:464,0
DA:465,0
DA:468,8
DA:471,8
LF:194
LH:153
BRDA:53,0,0,0
BRDA:83,1,0,2
BRDA:95,2,0,2
BRDA:95,3,0,17
BRDA:95,3,1,17
BRDA:100,4,0,15
BRDA:119,5,0,7
BRDA:119,5,1,881
BRDA:120,6,0,0
BRDA:120,6,1,7
BRDA:120,7,0,7
BRDA:120,7,1,3
BRDA:126,8,0,62
BRDA:126,8,1,819
BRDA:126,9,0,881
BRDA:126,9,1,65
BRDA:155,10,0,30
BRDA:163,11,0,1
BRDA:166,12,0,0
BRDA:174,13,0,0
BRDA:174,13,1,15
BRDA:174,14,0,15
BRDA:174,14,1,15
BRDA:175,15,0,0
BRDA:175,15,1,15
BRDA:175,16,0,15
BRDA:175,16,1,15
BRDA:177,17,0,0
BRDA:177,18,0,15
BRDA:177,18,1,15
BRDA:185,19,0,15
BRDA:185,19,1,4
BRDA:185,20,0,4
BRDA:185,20,1,11
BRDA:185,21,0,15
BRDA:185,21,1,15
BRDA:186,22,0,15
BRDA:186,22,1,7
BRDA:186,23,0,7
BRDA:186,23,1,8
BRDA:186,24,0,15
BRDA:186,24,1,15
BRDA:187,25,0,15
BRDA:187,25,1,13
BRDA:187,26,0,13
BRDA:187,26,1,2
BRDA:187,27,0,15
BRDA:187,27,1,15
BRDA:188,28,0,15
BRDA:188,28,1,13
BRDA:188,29,0,13
BRDA:188,29,1,2
BRDA:188,30,0,15
BRDA:188,30,1,15
BRDA:196,31,0,15
BRDA:220,32,0,15
BRDA:220,33,0,15
BRDA:220,33,1,15
BRDA:231,34,0,0
BRDA:231,34,1,15
BRDA:257,35,0,0
BRDA:272,36,0,0
BRDA:272,36,1,0
BRDA:276,37,0,0
BRDA:318,38,0,0
BRDA:321,39,0,0
BRDA:331,40,0,15
BRDA:331,40,1,4
BRDA:332,41,0,15
BRDA:332,41,1,7
BRDA:355,42,0,0
BRDA:355,42,1,0
BRDA:355,42,2,0
BRDA:355,42,3,0
BRDA:355,43,0,0
BRDA:355,43,1,0
BRDA:356,44,0,0
BRDA:356,44,1,0
BRDA:357,45,0,0
BRDA:357,45,1,0
BRDA:358,46,0,0
BRDA:358,46,1,0
BRDA:365,47,0,0
BRDA:365,47,1,0
BRDA:366,48,0,0
BRDA:366,48,1,0
BRDA:376,49,0,2
BRDA:380,50,0,2
BRDA:391,51,0,0
BRDA:391,52,0,0
BRDA:391,52,1,0
BRDA:396,53,0,0
BRDA:396,54,0,0
BRDA:396,54,1,0
BRDA:426,55,0,8
BRDA:426,55,1,0
BRDA:439,56,0,8
BRDA:439,56,1,0
BRDA:451,57,0,0
BRDA:451,57,1,8
BRDA:462,58,0,0
BRDA:462,58,1,8
BRF:102
BRH:63
end_of_record
TN:
SF:src/core/def-file-manager.ts
FN:34,(anonymous_0)
FN:56,(anonymous_1)
FN:62,(anonymous_2)
FN:67,(anonymous_3)
FN:75,(anonymous_4)
FN:101,(anonymous_5)
FN:112,(anonymous_6)
FN:116,(anonymous_7)
FN:118,(anonymous_8)
FN:129,(anonymous_9)
FN:138,(anonymous_10)
FN:141,(anonymous_11)
FN:143,(anonymous_12)
FN:153,(anonymous_13)
FN:158,(anonymous_14)
FN:160,(anonymous_15)
FN:166,(anonymous_16)
FN:174,(anonymous_17)
FN:175,(anonymous_18)
FN:183,(anonymous_19)
FN:187,(anonymous_20)
FN:196,(anonymous_21)
FN:202,(anonymous_23)
FN:206,(anonymous_24)
FN:211,(anonymous_25)
FN:215,(anonymous_26)
FN:220,(anonymous_27)
FN:224,(anonymous_28)
FN:228,(anonymous_29)
FN:232,(anonymous_30)
FN:236,(anonymous_31)
FN:238,(anonymous_32)
FN:244,(anonymous_33)
FN:258,(anonymous_35)
FN:263,(anonymous_36)
FN:274,(anonymous_37)
FN:280,(anonymous_38)
FN:287,(anonymous_40)
FN:306,(anonymous_41)
FN:317,(anonymous_42)
FN:319,(anonymous_44)
FN:325,(anonymous_45)
FN:340,(anonymous_47)
FN:350,(anonymous_49)
FN:363,(anonymous_50)
FN:367,(anonymous_51)
FN:371,(anonymous_52)
FN:381,(anonymous_53)
FN:395,(anonymous_54)
FN:397,(anonymous_55)
FN:403,(anonymous_56)
FN:418,(anonymous_57)
FN:425,(anonymous_58)
FN:430,initDefFileManager
FN:435,getDefFileManager
FNF:55
FNH:0
FNDA:0,(anonymous_0)
FNDA:0,(anonymous_1)
FNDA:0,(anonymous_2)
FNDA:0,(anonymous_3)
FNDA:0,(anonymous_4)
FNDA:0,(anonymous_5)
FNDA:0,(anonymous_6)
FNDA:0,(anonymous_7)
FNDA:0,(anonymous_8)
FNDA:0,(anonymous_9)
FNDA:0,(anonymous_10)
FNDA:0,(anonymous_11)
FNDA:0,(anonymous_12)
FNDA:0,(anonymous_13)
FNDA:0,(anonymous_14)
FNDA:0,(anonymous_15)
FNDA:0,(anonymous_16)
FNDA:0,(anonymous_17)
FNDA:0,(anonymous_18)
FNDA:0,(anonymous_19)
FNDA:0,(anonymous_20)
FNDA:0,(anonymous_21)
FNDA:0,(anonymous_23)
FNDA:0,(anonymous_24)
FNDA:0,(anonymous_25)
FNDA:0,(anonymous_26)
FNDA:0,(anonymous_27)
FNDA:0,(anonymous_28)
FNDA:0,(anonymous_29)
FNDA:0,(anonymous_30)
FNDA:0,(anonymous_31)
FNDA:0,(anonymous_32)
FNDA:0,(anonymous_33)
FNDA:0,(anonymous_35)
FNDA:0,(anonymous_36)
FNDA:0,(anonymous_37)
FNDA:0,(anonymous_38)
FNDA:0,(anonymous_40)
FNDA:0,(anonymous_41)
FNDA:0,(anonymous_42)
FNDA:0,(anonymous_44)
FNDA:0,(anonymous_45)
FNDA:0,(anonymous_47)
FNDA:0,(anonymous_49)
FNDA:0,(anonymous_50)
FNDA:0,(anonymous_51)
FNDA:0,(anonymous_52)
FNDA:0,(anonymous_53)
FNDA:0,(anonymous_54)
FNDA:0,(anonymous_55)
FNDA:0,(anonymous_56)
FNDA:0,(anonymous_57)
FNDA:0,(anonymous_58)
FNDA:0,initDefFileManager
FNDA:0,getDefFileManager
DA:1,2
DA:2,2
DA:3,2
DA:4,2
DA:5,2
DA:6,2
DA:7,2
DA:8,2
DA:10,2
DA:14,2
DA:16,2
DA:35,0
DA:36,0
DA:37,0
DA:38,0
DA:39,0
DA:40,0
DA:41,0
DA:43,0
DA:44,0
DA:45,0
DA:48,0
DA:49,0
DA:53,0
DA:54,0
DA:56,0
DA:57,0
DA:63,0
DA:68,0
DA:69,0
DA:71,0
DA:76,0
DA:77,0
DA:79,0
DA:80,0
DA:81,0
DA:82,0
DA:84,0
DA:85,0
DA:87,0
DA:89,0
DA:90,0
DA:91,0
DA:93,0
DA:94,0
DA:95,0
DA:96,0
DA:102,0
DA:104,0
DA:105,0
DA:107,0
DA:108,0
DA:109,0
DA:113,0
DA:117,0
DA:118,0
DA:119,0
DA:120,0
DA:122,0
DA:125,0
DA:130,0
DA:131,0
DA:133,0
DA:134,0
DA:135,0
DA:137,0
DA:138,0
DA:142,0
DA:143,0
DA:144,0
DA:145,0
DA:146,0
DA:147,0
DA:150,0
DA:154,0
DA:159,0
DA:160,0
DA:161,0
DA:162,0
DA:163,0
DA:164,0
DA:166,0
DA:167,0
DA:170,0
DA:175,0
DA:176,0
DA:177,0
DA:178,0
DA:184,0
DA:188,0
DA:189,0
DA:190,0
DA:197,0
DA:198,0
DA:199,0
DA:203,0
DA:207,0
DA:212,0
DA:216,0
DA:217,0
DA:221,0
DA:225,0
DA:229,0
DA:233,0
DA:237,0
DA:238,0
DA:239,0
DA:241,0
DA:245,0
DA:246,0
DA:248,0
DA:250,0
DA:251,0
DA:252,0
DA:253,0
DA:254,0
DA:258,0
DA:259,0
DA:262,0
DA:263,0
DA:264,0
DA:268,0
DA:269,0
DA:270,0
DA:275,0
DA:276,0
DA:277,0
DA:281,0
DA:282,0
DA:283,0
DA:285,0
DA:287,0
DA:288,0
DA:289,0
DA:290,0
DA:294,0
DA:295,0
DA:298,0
DA:299,0
DA:300,0
DA:303,0
DA:305,0
DA:306,0
DA:307,0
DA:310,0
DA:311,0
DA:313,0
DA:318,0
DA:319,0
DA:320,0
DA:322,0
DA:326,0
DA:327,0
DA:328,0
DA:329,0
DA:330,0
DA:331,0
DA:332,0
DA:333,0
DA:334,0
DA:337,0
DA:341,0
DA:342,0
DA:343,0
DA:344,0
DA:345,0
DA:347,0
DA:351,0
DA:352,0
DA:354,0
DA:359,2
DA:364,0
DA:368,0
DA:372,0
DA:373,0
DA:374,0
DA:375,0
DA:382,0
DA:383,0
DA:385,0
DA:386,0
DA:387,0
DA:388,0
DA:392,0
DA:396,0
DA:397,0
DA:398,0
DA:400,0
DA:404,0
DA:405,0
DA:406,0
DA:407,0
DA:410,0
DA:412,0
DA:413,0
DA:415,0
DA:419,0
DA:420,0
DA:421,0
DA:426,0
DA:430,2
DA:431,0
DA:432,0
DA:435,2
DA:436,0
LF:205
LH:14
BRDA:48,0,0,0
BRDA:53,1,0,0
BRDA:53,1,1,0
BRDA:68,2,0,0
BRDA:79,3,0,0
BRDA:81,4,0,0
BRDA:84,5,0,0
BRDA:84,5,1,0
BRDA:84,6,0,0
BRDA:84,6,1,0
BRDA:85,7,0,0
BRDA:89,8,0,0
BRDA:104,9,0,0
BRDA:104,10,0,0
BRDA:104,10,1,0
BRDA:119,11,0,0
BRDA:119,11,1,0
BRDA:130,12,0,0
BRDA:134,13,0,0
BRDA:144,14,0,0
BRDA:144,14,1,0
BRDA:146,15,0,0
BRDA:162,16,0,0
BRDA:177,17,0,0
BRDA:203,18,0,0
BRDA:203,18,1,0
BRDA:217,19,0,0
BRDA:217,19,1,0
BRDA:217,20,0,0
BRDA:217,20,1,0
BRDA:251,21,0,0
BRDA:262,22,0,0
BRDA:289,23,0,0
BRDA:298,24,0,0
BRDA:329,25,0,0
BRDA:329,25,1,0
BRDA:332,26,0,0
BRDA:344,27,0,0
BRDA:352,28,0,0
BRDA:352,28,1,0
BRDA:374,29,0,0
BRDA:387,30,0,0
BRDA:405,31,0,0
BRDA:412,32,0,0
BRDA:420,33,0,0
BRF:45
BRH:0
end_of_record
TN:
SF:src/core/def-file-updater.ts
FN:15,(anonymous_0)
FN:19,(anonymous_1)
FN:31,(anonymous_3)
FN:32,(anonymous_5)
FN:35,(anonymous_6)
FN:43,(anonymous_8)
FN:54,(anonymous_9)
FN:58,(anonymous_10)
FN:72,(anonymous_12)
FN:90,(anonymous_14)
FN:106,(anonymous_16)
FN:109,(anonymous_17)
FN:115,(anonymous_18)
FN:126,(anonymous_19)
FN:138,(anonymous_20)
FN:145,(anonymous_21)
FNF:16
FNH:0
FNDA:0,(anonymous_0)
FNDA:0,(anonymous_1)
FNDA:0,(anonymous_3)
FNDA:0,(anonymous_5)
FNDA:0,(anonymous_6)
FNDA:0,(anonymous_8)
FNDA:0,(anonymous_9)
FNDA:0,(anonymous_10)
FNDA:0,(anonymous_12)
FNDA:0,(anonymous_14)
FNDA:0,(anonymous_16)
FNDA:0,(anonymous_17)
FNDA:0,(anonymous_18)
FNDA:0,(anonymous_19)
FNDA:0,(anonymous_20)
FNDA:0,(anonymous_21)
DA:1,2
DA:2,2
DA:3,2
DA:4,2
DA:5,2
DA:6,2
DA:7,2
DA:8,2
DA:12,2
DA:16,0
DA:20,0
DA:21,0
DA:22,0
DA:23,0
DA:25,0
DA:27,0
DA:28,0
DA:32,0
DA:36,0
DA:37,0
DA:39,0
DA:40,0
DA:41,0
DA:43,0
DA:44,0
DA:46,0
DA:47,0
DA:48,0
DA:50,0
DA:51,0
DA:52,0
DA:54,0
DA:59,0
DA:60,0
DA:61,0
DA:63,0
DA:64,0
DA:65,0
DA:66,0
DA:68,0
DA:69,0
DA:73,0
DA:74,0
DA:75,0
DA:77,0
DA:78,0
DA:79,0
DA:81,0
DA:82,0
DA:83,0
DA:84,0
DA:86,0
DA:87,0
DA:91,0
DA:92,0
DA:93,0
DA:94,0
DA:96,0
DA:97,0
DA:98,0
DA:99,0
DA:100,0
DA:102,0
DA:103,0
DA:104,0
DA:106,0
DA:110,0
DA:111,0
DA:112,0
DA:116,0
DA:117,0
DA:118,0
DA:120,0
DA:121,0
DA:123,0
DA:127,0
DA:128,0
DA:129,0
DA:130,0
DA:131,0
DA:132,0
DA:135,0
DA:139,0
DA:140,0
DA:141,0
DA:142,0
DA:146,0
DA:147,0
DA:148,0
DA:150,0
DA:151,0
DA:153,0
DA:154,0
DA:155,0
LF:94
LH:9
BRDA:20,0,0,0
BRDA:20,0,1,0
BRDA:22,1,0,0
BRDA:22,1,1,0
BRDA:46,2,0,0
BRDA:50,3,0,0
BRDA:59,4,0,0
BRDA:63,5,0,0
BRDA:63,5,1,0
BRDA:65,6,0,0
BRDA:73,7,0,0
BRDA:77,8,0,0
BRDA:92,9,0,0
BRDA:99,10,0,0
BRDA:111,11,0,0
BRDA:111,11,1,0
BRDA:117,12,0,0
BRDA:117,13,0,0
BRDA:117,13,1,0
BRDA:120,14,0,0
BRDA:120,15,0,0
BRDA:120,15,1,0
BRDA:130,16,0,0
BRDA:147,17,0,0
BRDA:150,18,0,0
BRDA:153,19,0,0
BRDA:153,19,1,0
BRF:27
BRH:0
end_of_record
TN:
SF:src/core/definition-preview-service.ts
FN:14,(anonymous_0)
FN:16,(anonymous_1)
FN:26,(anonymous_2)
FN:76,(anonymous_3)
FN:90,(anonymous_4)
FN:97,(anonymous_5)
FN:104,(anonymous_6)
FNF:7
FNH:4
FNDA:2,(anonymous_0)
FNDA:2,(anonymous_1)
FNDA:0,(anonymous_2)
FNDA:0,(anonymous_3)
FNDA:2,(anonymous_4)
FNDA:2,(anonymous_5)
FNDA:0,(anonymous_6)
DA:1,2
DA:2,2
DA:3,2
DA:4,2
DA:5,2
DA:11,2
DA:12,2
DA:17,2
DA:18,2
DA:20,2
DA:27,0
DA:28,0
DA:30,0
DA:31,0
DA:32,0
DA:34,0
DA:36,0
DA:37,0
DA:38,0
DA:39,0
DA:41,0
DA:43,0
DA:46,0
DA:49,0
DA:50,0
DA:51,0
DA:53,0
DA:54,0
DA:58,0
DA:59,0
DA:66,0
DA:67,0
DA:69,0
DA:77,0
DA:78,0
DA:79,0
DA:80,0
DA:83,0
DA:84,0
DA:91,2
DA:98,2
DA:105,0
LF:42
LH:12
BRDA:17,0,0,2
BRDA:28,1,0,0
BRDA:32,2,0,0
BRDA:32,3,0,0
BRDA:32,3,1,0
BRDA:36,4,0,0
BRDA:38,5,0,0
BRDA:38,5,1,0
BRDA:49,6,0,0
BRDA:51,7,0,0
BRDA:66,8,0,0
BRDA:66,8,1,0
BRDA:77,9,0,0
BRF:13
BRH:1
end_of_record
TN:
SF:src/core/file-parser.ts
FN:16,(anonymous_0)
FN:23,(anonymous_1)
FN:36,(anonymous_3)
FNF:3
FNH:0
FNDA:0,(anonymous_0)
FNDA:0,(anonymous_1)
FNDA:0,(anonymous_3)
DA:2,3
DA:3,3
DA:4,3
DA:5,3
DA:9,3
DA:11,3
DA:17,0
DA:18,0
DA:24,0
DA:26,0
DA:28,0
DA:29,0
DA:31,0
DA:32,0
DA:37,0
DA:38,0
DA:39,0
DA:41,0
DA:45,0
DA:47,0
DA:48,0
DA:50,0
LF:22
LH:6
BRDA:26,0,0,0
BRDA:26,0,1,0
BRDA:38,1,0,0
BRDA:38,1,1,0
BRDA:38,2,0,0
BRDA:38,2,1,0
BRDA:38,3,0,0
BRDA:38,3,1,0
BRDA:38,4,0,0
BRDA:38,4,1,0
BRDA:39,5,0,0
BRDA:39,6,0,0
BRDA:39,6,1,0
BRDA:39,6,2,0
BRDA:47,7,0,0
BRF:15
BRH:0
end_of_record
TN:
SF:src/core/file-type.ts
FN:1,(anonymous_0)
FNF:1
FNH:1
FNDA:11,(anonymous_0)
DA:1,11
DA:2,11
DA:3,11
LF:3
LH:3
BRDA:1,0,0,11
BRDA:1,0,1,11
BRF:2
BRH:2
end_of_record
TN:
SF:src/core/fm-builder.ts
FN:4,(anonymous_0)
FN:8,(anonymous_1)
FN:12,(anonymous_2)
FN:14,(anonymous_3)
FNF:4
FNH:0
FNDA:0,(anonymous_0)
FNDA:0,(anonymous_1)
FNDA:0,(anonymous_2)
FNDA:0,(anonymous_3)
DA:1,2
DA:5,0
DA:9,0
DA:13,0
DA:14,0
DA:15,0
DA:17,0
DA:18,0
LF:8
LH:1
BRF:0
BRH:0
end_of_record
TN:
SF:src/core/mention-counting-service.ts
FN:54,(anonymous_0)
FN:63,(anonymous_1)
FN:70,(anonymous_2)
FN:125,(anonymous_4)
FN:164,(anonymous_6)
FN:182,(anonymous_7)
FN:220,(anonymous_8)
FN:245,(anonymous_9)
FN:254,(anonymous_10)
FN:260,(anonymous_11)
FN:274,(anonymous_12)
FN:312,(anonymous_13)
FN:320,(anonymous_14)
FN:345,(anonymous_16)
FN:354,(anonymous_17)
FN:367,(anonymous_18)
FN:375,(anonymous_19)
FN:382,(anonymous_20)
FN:389,(anonymous_21)
FN:403,(anonymous_22)
FN:405,(anonymous_23)
FN:408,(anonymous_24)
FN:417,initMentionCountingService
FN:422,getMentionCountingService
FNF:24
FNH:16
FNDA:14,(anonymous_0)
FNDA:148,(anonymous_1)
FNDA:11,(anonymous_2)
FNDA:14,(anonymous_4)
FNDA:18,(anonymous_6)
FNDA:133,(anonymous_7)
FNDA:20,(anonymous_8)
FNDA:18,(anonymous_9)
FNDA:63,(anonymous_10)
FNDA:15,(anonymous_11)
FNDA:19,(anonymous_12)
FNDA:0,(anonymous_13)
FNDA:0,(anonymous_14)
FNDA:0,(anonymous_16)
FNDA:0,(anonymous_17)
FNDA:10,(anonymous_18)
FNDA:0,(anonymous_19)
FNDA:7,(anonymous_20)
FNDA:0,(anonymous_21)
FNDA:2,(anonymous_22)
FNDA:1,(anonymous_23)
FNDA:2,(anonymous_24)
FNDA:0,initMentionCountingService
FNDA:0,getMentionCountingService
DA:1,3
DA:40,3
DA:43,14
DA:44,14
DA:45,14
DA:46,14
DA:55,14
DA:56,14
DA:64,148
DA:71,11
DA:72,11
DA:75,11
DA:79,11
DA:80,119
DA:81,119
DA:82,118
DA:95,11
DA:96,11
DA:97,11
DA:98,11
DA:100,11
DA:103,11
DA:105,15
DA:106,1
DA:107,1
DA:110,14
DA:111,14
DA:115,11
DA:116,11
DA:117,11
DA:119,11
DA:126,14
DA:127,14
DA:128,13
DA:129,13
DA:130,13
DA:132,13
DA:134,13
DA:135,21
DA:136,21
DA:138,18
DA:140,18
DA:141,13
DA:144,18
DA:145,19
DA:146,19
DA:147,19
DA:148,19
DA:152,13
DA:153,9
DA:154,9
DA:157,1
DA:165,18
DA:168,18
DA:171,18
DA:172,133
DA:173,133
DA:176,18
DA:183,133
DA:184,133
DA:187,133
DA:188,133
DA:191,133
DA:192,133
DA:194,133
DA:196,20
DA:197,19
DA:203,19
DA:204,19
DA:205,19
DA:206,19
DA:210,20
DA:211,20
DA:214,133
DA:221,20
DA:224,20
DA:225,8
DA:226,8
DA:227,0
DA:232,20
DA:233,20
DA:234,20
DA:235,1
DA:239,19
DA:247,18
DA:254,63
DA:261,15
DA:262,15
DA:265,15
DA:275,19
DA:276,19
DA:277,19
DA:280,19
DA:281,19
DA:282,16
DA:284,3
DA:286,19
DA:289,19
DA:290,19
DA:291,14
DA:298,14
DA:301,19
DA:302,16
DA:304,3
DA:306,19
DA:313,0
DA:314,0
DA:321,0
DA:322,0
DA:325,0
DA:327,0
DA:329,0
DA:331,0
DA:332,0
DA:333,0
DA:338,0
DA:341,0
DA:344,0
DA:345,0
DA:356,0
DA:357,0
DA:360,0
DA:361,0
DA:368,10
DA:369,10
DA:376,0
DA:383,7
DA:390,0
DA:391,0
DA:404,2
DA:405,1
DA:408,2
DA:417,3
DA:418,0
DA:419,0
DA:422,3
DA:423,0
LF:137
LH:112
BRDA:81,0,0,118
BRDA:105,1,0,1
BRDA:136,2,0,3
BRDA:140,3,0,13
BRDA:152,4,0,9
BRDA:184,5,0,6
BRDA:184,5,1,127
BRDA:196,6,0,19
BRDA:224,7,0,8
BRDA:226,8,0,0
BRDA:232,9,0,20
BRDA:234,10,0,1
BRDA:262,11,0,14
BRDA:262,11,1,1
BRDA:262,12,0,15
BRDA:262,12,1,1
BRDA:265,13,0,15
BRDA:265,13,1,1
BRDA:265,13,2,0
BRDA:277,14,0,0
BRDA:281,15,0,16
BRDA:281,15,1,3
BRDA:290,16,0,14
BRDA:301,17,0,16
BRDA:301,17,1,3
BRDA:321,18,0,0
BRDA:321,19,0,0
BRDA:321,19,1,0
BRDA:333,20,0,0
BRDA:333,21,0,0
BRDA:333,21,1,0
BRDA:344,22,0,0
BRDA:357,23,0,0
BRDA:403,24,0,0
BRF:34
BRH:22
end_of_record
TN:
SF:src/core/model.ts
FN:29,generatePersonId
FNF:1
FNH:1
FNDA:3407,generatePersonId
DA:29,8
DA:31,3407
DA:32,3407
DA:33,3407
LF:4
LH:4
BRF:0
BRH:0
end_of_record
TN:
SF:src/core/optimized-search-engine.ts
FN:28,(anonymous_0)
FN:32,(anonymous_1)
FN:42,(anonymous_2)
FN:53,(anonymous_3)
FN:57,(anonymous_4)
FN:62,(anonymous_5)
FN:66,(anonymous_6)
FN:116,(anonymous_7)
FN:125,(anonymous_8)
FN:154,(anonymous_9)
FN:164,(anonymous_10)
FN:172,(anonymous_11)
FN:201,(anonymous_12)
FN:216,(anonymous_13)
FN:233,(anonymous_14)
FN:255,(anonymous_15)
FN:284,(anonymous_16)
FN:313,(anonymous_17)
FN:327,(anonymous_18)
FN:337,(anonymous_19)
FN:350,(anonymous_20)
FN:359,(anonymous_21)
FN:363,(anonymous_22)
FN:372,(anonymous_23)
FN:387,(anonymous_24)
FN:393,(anonymous_25)
FN:398,(anonymous_26)
FN:402,(anonymous_27)
FN:413,initOptimizedSearchEngine
FN:418,getOptimizedSearchEngine
FNF:30
FNH:29
FNDA:22,(anonymous_0)
FNDA:34,(anonymous_1)
FNDA:28,(anonymous_2)
FNDA:22,(anonymous_3)
FNDA:1,(anonymous_4)
FNDA:41,(anonymous_5)
FNDA:1075,(anonymous_6)
FNDA:20,(anonymous_7)
FNDA:20,(anonymous_8)
FNDA:7,(anonymous_9)
FNDA:1019,(anonymous_10)
FNDA:1018,(anonymous_11)
FNDA:41,(anonymous_12)
FNDA:18,(anonymous_13)
FNDA:20,(anonymous_14)
FNDA:1069,(anonymous_15)
FNDA:20,(anonymous_16)
FNDA:18,(anonymous_17)
FNDA:3,(anonymous_18)
FNDA:0,(anonymous_19)
FNDA:499509,(anonymous_20)
FNDA:1001,(anonymous_21)
FNDA:1085,(anonymous_22)
FNDA:20,(anonymous_23)
FNDA:19,(anonymous_24)
FNDA:16,(anonymous_25)
FNDA:9,(anonymous_26)
FNDA:1,(anonymous_27)
FNDA:1,initOptimizedSearchEngine
FNDA:1,getOptimizedSearchEngine
DA:24,1
DA:25,22
DA:29,22
DA:33,34
DA:34,34
DA:36,11
DA:37,11
DA:39,34
DA:43,28
DA:44,0
DA:45,28
DA:47,2
DA:48,2
DA:50,28
DA:54,22
DA:58,1
DA:62,1
DA:63,41
DA:64,41
DA:67,1075
DA:68,1075
DA:70,1075
DA:71,1075
DA:73,1075
DA:75,56
DA:76,56
DA:82,56
DA:83,56
DA:84,56
DA:87,1019
DA:89,1019
DA:91,1019
DA:93,1019
DA:95,1
DA:96,1
DA:97,1
DA:98,0
DA:99,0
DA:103,1018
DA:104,1018
DA:107,0
DA:108,0
DA:112,1
DA:113,1
DA:117,20
DA:118,20
DA:120,3
DA:121,3
DA:122,3
DA:126,20
DA:127,20
DA:129,20
DA:130,19
DA:131,19
DA:133,19
DA:135,16
DA:136,16
DA:137,16
DA:138,2
DA:139,14
DA:140,0
DA:141,0
DA:143,14
DA:146,0
DA:147,0
DA:151,1
DA:155,7
DA:156,6
DA:159,7
DA:160,4
DA:165,1019
DA:166,1019
DA:167,30
DA:169,1019
DA:174,1018
DA:182,1018
DA:183,1018
DA:186,1018
DA:187,1018
DA:188,1018
DA:194,1018
DA:197,1018
DA:198,1018
DA:202,41
DA:216,1
DA:217,18
DA:218,18
DA:219,18
DA:220,18
DA:221,18
DA:223,18
DA:234,20
DA:235,20
DA:238,20
DA:239,20
DA:240,20
DA:241,20
DA:242,20
DA:245,20
DA:246,1069
DA:249,20
DA:250,20
DA:252,20
DA:256,1069
DA:259,1069
DA:260,1069
DA:262,1069
DA:265,1069
DA:266,1068
DA:267,1068
DA:268,54
DA:270,1068
DA:274,1069
DA:277,1069
DA:278,1069
DA:279,70
DA:281,1069
DA:285,20
DA:286,20
DA:289,20
DA:290,20
DA:291,2
DA:292,2
DA:293,2
DA:294,2
DA:298,18
DA:301,16
DA:304,16
DA:305,16
DA:306,16
DA:307,16
DA:308,16
DA:310,16
DA:314,18
DA:315,16
DA:318,16
DA:319,16
DA:320,9
DA:324,16
DA:325,16
DA:326,16
DA:327,4
DA:328,4
DA:334,16
DA:335,16
DA:336,16
DA:337,0
DA:338,0
DA:344,16
DA:345,16
DA:346,16
DA:347,16
DA:348,1008
DA:349,1008
DA:350,499509
DA:351,999
DA:358,16
DA:359,1001
DA:365,1085
DA:373,20
DA:380,20
DA:388,19
DA:394,16
DA:395,16
DA:399,9
DA:403,1
DA:404,1
DA:405,1
DA:406,1
DA:407,1
DA:413,1
DA:414,1
DA:415,1
DA:418,1
DA:419,1
LF:175
LH:164
BRDA:28,0,0,0
BRDA:34,1,0,11
BRDA:43,2,0,0
BRDA:43,2,1,28
BRDA:45,3,0,2
BRDA:73,4,0,56
BRDA:89,5,0,1019
BRDA:89,5,1,0
BRDA:93,6,0,1
BRDA:93,6,1,1018
BRDA:97,7,0,0
BRDA:118,8,0,17
BRDA:129,9,0,20
BRDA:129,9,1,19
BRDA:133,10,0,3
BRDA:135,11,0,16
BRDA:135,11,1,0
BRDA:137,12,0,2
BRDA:137,12,1,14
BRDA:139,13,0,0
BRDA:139,13,1,14
BRDA:155,14,0,6
BRDA:166,15,0,1049
BRDA:166,15,1,1049
BRDA:166,15,2,1048
BRDA:177,16,0,0
BRDA:177,16,1,1018
BRDA:186,17,0,1018
BRDA:259,18,0,1069
BRDA:265,19,0,1068
BRDA:267,20,0,54
BRDA:278,21,0,70
BRDA:284,22,0,18
BRDA:290,23,0,2
BRDA:318,24,0,16
BRDA:318,24,1,7
BRDA:324,25,0,16
BRDA:327,26,0,4
BRDA:334,27,0,16
BRDA:335,28,0,16
BRDA:335,28,1,16
BRDA:337,29,0,0
BRDA:344,30,0,16
BRDA:346,31,0,16
BRDA:346,31,1,7
BRDA:348,32,0,1008
BRDA:348,32,1,0
BRDA:350,33,0,999
BRDA:388,34,0,18
BRDA:388,34,1,1
BRF:50
BRH:41
end_of_record
TN:
SF:src/core/plugin-context.ts
FN:21,(anonymous_0)
FN:34,(anonymous_1)
FN:45,(anonymous_2)
FN:55,(anonymous_3)
FN:62,(anonymous_4)
FN:69,(anonymous_5)
FN:76,(anonymous_6)
FNF:7
FNH:0
FNDA:0,(anonymous_0)
FNDA:0,(anonymous_1)
FNDA:0,(anonymous_2)
FNDA:0,(anonymous_3)
FNDA:0,(anonymous_4)
FNDA:0,(anonymous_5)
FNDA:0,(anonymous_6)
DA:3,2
DA:4,2
DA:10,2
DA:11,2
DA:22,0
DA:23,0
DA:24,0
DA:25,0
DA:26,0
DA:35,0
DA:36,0
DA:38,0
DA:39,0
DA:46,0
DA:47,0
DA:49,0
DA:56,0
DA:63,0
DA:70,0
DA:77,0
LF:20
LH:4
BRDA:35,0,0,0
BRDA:46,1,0,0
BRF:2
BRH:0
end_of_record
TN:
SF:src/core/smart-line-scanner.ts
FN:12,(anonymous_0)
FN:27,(anonymous_1)
FN:32,(anonymous_2)
FN:79,(anonymous_3)
FN:138,(anonymous_4)
FN:142,(anonymous_5)
FN:163,(anonymous_6)
FN:193,(anonymous_7)
FN:213,(anonymous_8)
FN:217,(anonymous_9)
FN:221,(anonymous_10)
FN:223,(anonymous_11)
FN:243,(anonymous_12)
FN:245,(anonymous_13)
FN:255,(anonymous_14)
FN:267,(anonymous_15)
FN:270,(anonymous_16)
FN:274,(anonymous_17)
FN:285,(anonymous_18)
FN:289,(anonymous_19)
FN:295,(anonymous_20)
FN:310,(anonymous_21)
FN:314,(anonymous_22)
FN:332,(anonymous_23)
FN:333,(anonymous_24)
FN:335,(anonymous_25)
FN:347,(anonymous_26)
FN:351,(anonymous_27)
FN:358,initSmartLineScanner
FN:363,getSmartLineScanner
FNF:30
FNH:24
FNDA:1,(anonymous_0)
FNDA:21,(anonymous_1)
FNDA:626,(anonymous_2)
FNDA:616,(anonymous_3)
FNDA:2,(anonymous_4)
FNDA:6,(anonymous_5)
FNDA:2,(anonymous_6)
FNDA:2,(anonymous_7)
FNDA:5560,(anonymous_8)
FNDA:6,(anonymous_9)
FNDA:18,(anonymous_10)
FNDA:192,(anonymous_11)
FNDA:622,(anonymous_12)
FNDA:2434,(anonymous_13)
FNDA:1226,(anonymous_14)
FNDA:2,(anonymous_15)
FNDA:1226,(anonymous_16)
FNDA:623,(anonymous_17)
FNDA:622,(anonymous_18)
FNDA:200,(anonymous_19)
FNDA:623,(anonymous_20)
FNDA:3,(anonymous_21)
FNDA:0,(anonymous_22)
FNDA:0,(anonymous_23)
FNDA:0,(anonymous_24)
FNDA:0,(anonymous_25)
FNDA:1,(anonymous_26)
FNDA:0,(anonymous_27)
FNDA:0,initSmartLineScanner
FNDA:3,getSmartLineScanner
DA:2,1
DA:12,1
DA:13,1
DA:14,1
DA:15,1
DA:16,1
DA:27,1
DA:28,21
DA:29,21
DA:30,21
DA:33,626
DA:36,626
DA:37,3
DA:41,623
DA:42,623
DA:43,623
DA:44,1
DA:45,1
DA:48,622
DA:51,622
DA:53,620
DA:54,616
DA:55,616
DA:56,4
DA:57,2
DA:58,2
DA:60,2
DA:61,2
DA:65,2
DA:66,2
DA:70,622
DA:73,622
DA:74,622
DA:76,622
DA:80,616
DA:81,616
DA:83,616
DA:84,0
DA:88,616
DA:90,616
DA:92,3088
DA:93,3088
DA:94,3077
DA:95,3077
DA:96,616
DA:97,616
DA:98,616
DA:99,616
DA:112,3088
DA:113,2472
DA:114,2472
DA:115,2472
DA:116,2472
DA:117,1220
DA:118,1220
DA:119,1220
DA:120,1220
DA:121,1220
DA:135,616
DA:139,2
DA:142,6
DA:147,2
DA:149,6
DA:150,2
DA:160,2
DA:164,2
DA:165,2
DA:168,2
DA:169,6
DA:171,6
DA:172,18
DA:173,18
DA:175,18
DA:176,2
DA:177,2
DA:178,2
DA:190,2
DA:194,2
DA:197,2
DA:198,6
DA:199,6
DA:200,2
DA:210,2
DA:214,5560
DA:218,6
DA:223,192
DA:225,37344
DA:226,192
DA:228,18
DA:229,174
DA:230,360818
DA:231,360818
DA:239,18
DA:240,18
DA:245,622
DA:247,2434
DA:248,2434
DA:249,2434
DA:252,622
DA:254,622
DA:255,1842
DA:256,1226
DA:262,1842
DA:263,622
DA:267,622
DA:271,1226
DA:276,623
DA:277,623
DA:278,28246
DA:279,28246
DA:280,28246
DA:282,623
DA:286,622
DA:288,2
DA:289,200
DA:292,622
DA:296,623
DA:305,623
DA:306,0
DA:311,3
DA:319,0
DA:320,0
DA:332,0
DA:333,0
DA:335,0
DA:336,0
DA:337,0
DA:340,0
DA:348,1
DA:352,0
DA:358,1
DA:359,0
DA:360,0
DA:363,1
DA:364,3
DA:365,1
DA:367,3
LF:137
LH:124
BRDA:12,0,0,1
BRDA:12,0,1,1
BRDA:32,1,0,619
BRDA:36,2,0,3
BRDA:36,3,0,626
BRDA:36,3,1,623
BRDA:43,4,0,1
BRDA:51,5,0,620
BRDA:51,5,1,2
BRDA:53,6,0,616
BRDA:53,6,1,4
BRDA:56,7,0,2
BRDA:56,7,1,2
BRDA:83,8,0,0
BRDA:93,9,0,3077
BRDA:96,10,0,616
BRDA:96,11,0,616
BRDA:96,11,1,0
BRDA:98,12,0,616
BRDA:112,13,0,2472
BRDA:114,14,0,2472
BRDA:117,15,0,1220
BRDA:117,16,0,1220
BRDA:117,16,1,0
BRDA:120,17,0,1220
BRDA:175,18,0,2
BRDA:177,19,0,2
BRDA:199,20,0,2
BRDA:230,21,0,18710
BRDA:230,21,1,342108
BRDA:240,22,0,0
BRDA:240,22,1,18
BRDA:247,23,0,2434
BRDA:247,23,1,0
BRDA:248,24,0,2434
BRDA:248,24,1,0
BRDA:262,25,0,622
BRDA:271,26,0,1226
BRDA:271,26,1,1220
BRDA:286,27,0,2
BRDA:305,28,0,0
BRDA:319,29,0,0
BRDA:336,30,0,0
BRDA:336,30,1,0
BRDA:364,31,0,1
BRF:45
BRH:35
end_of_record
TN:
SF:src/editor/about-modal.ts
FN:4,(anonymous_0)
FN:8,(anonymous_1)
FN:22,(anonymous_2)
FN:25,(anonymous_3)
FN:30,(anonymous_4)
FN:53,(anonymous_5)
FN:67,(anonymous_6)
FN:77,(anonymous_7)
FN:91,(anonymous_8)
FN:96,(anonymous_9)
FN:115,(anonymous_10)
FN:124,(anonymous_11)
FN:139,(anonymous_12)
FN:148,(anonymous_13)
FN:178,(anonymous_14)
FN:187,(anonymous_15)
FNF:16
FNH:0
FNDA:0,(anonymous_0)
FNDA:0,(anonymous_1)
FNDA:0,(anonymous_2)
FNDA:0,(anonymous_3)
FNDA:0,(anonymous_4)
FNDA:0,(anonymous_5)
FNDA:0,(anonymous_6)
FNDA:0,(anonymous_7)
FNDA:0,(anonymous_8)
FNDA:0,(anonymous_9)
FNDA:0,(anonymous_10)
FNDA:0,(anonymous_11)
FNDA:0,(anonymous_12)
FNDA:0,(anonymous_13)
FNDA:0,(anonymous_14)
FNDA:0,(anonymous_15)
DA:1,2
DA:3,2
DA:5,0
DA:9,0
DA:10,0
DA:11,0
DA:14,0
DA:15,0
DA:16,0
DA:18,0
DA:21,0
DA:22,0
DA:23,0
DA:25,0
DA:26,0
DA:32,0
DA:35,0
DA:38,0
DA:41,0
DA:44,0
DA:47,0
DA:50,0
DA:54,0
DA:56,0
DA:61,0
DA:68,0
DA:70,0
DA:72,0
DA:73,0
DA:74,0
DA:78,0
DA:80,0
DA:82,0
DA:90,0
DA:91,0
DA:92,0
DA:97,0
DA:99,0
DA:101,0
DA:114,0
DA:115,0
DA:116,0
DA:117,0
DA:118,0
DA:119,0
DA:120,0
DA:125,0
DA:127,0
DA:129,0
DA:138,0
DA:139,0
DA:140,0
DA:141,0
DA:142,0
DA:143,0
DA:144,0
DA:149,0
DA:151,0
DA:153,0
DA:156,0
DA:157,0
DA:158,0
DA:159,0
DA:160,0
DA:164,0
DA:167,0
DA:168,0
DA:169,0
DA:170,0
DA:171,0
DA:175,0
DA:179,0
DA:181,0
DA:182,0
DA:183,0
DA:184,0
DA:188,0
DA:189,0
LF:78
LH:2
BRF:0
BRH:0
end_of_record
TN:
SF:src/editor/add-modal.ts
FN:16,(anonymous_0)
FN:21,(anonymous_1)
FN:69,(anonymous_2)
FN:75,(anonymous_3)
FN:86,(anonymous_4)
FN:86,(anonymous_5)
FN:147,(anonymous_6)
FNF:7
FNH:0
FNDA:0,(anonymous_0)
FNDA:0,(anonymous_1)
FNDA:0,(anonymous_2)
FNDA:0,(anonymous_3)
FNDA:0,(anonymous_4)
FNDA:0,(anonymous_5)
FNDA:0,(anonymous_6)
DA:1,1
DA:2,1
DA:3,1
DA:4,1
DA:5,1
DA:8,1
DA:17,0
DA:18,0
DA:22,0
DA:23,0
DA:24,0
DA:28,0
DA:35,0
DA:39,0
DA:45,0
DA:49,0
DA:55,0
DA:59,0
DA:66,0
DA:67,0
DA:71,0
DA:74,0
DA:75,0
DA:76,0
DA:77,0
DA:79,0
DA:82,0
DA:86,0
DA:87,0
DA:88,0
DA:92,0
DA:93,0
DA:94,0
DA:96,0
DA:97,0
DA:98,0
DA:100,0
DA:101,0
DA:102,0
DA:105,0
DA:107,0
DA:108,0
DA:111,0
DA:113,0
DA:116,0
DA:117,0
DA:120,0
DA:121,0
DA:122,0
DA:125,0
DA:126,0
DA:135,0
DA:137,0
DA:138,0
DA:140,0
DA:144,0
DA:149,0
DA:150,0
DA:151,0
DA:153,0
DA:154,0
DA:155,0
DA:158,0
DA:159,0
DA:160,0
DA:161,0
DA:162,0
DA:166,0
DA:175,0
DA:178,0
DA:181,0
DA:183,0
LF:72
LH:6
BRDA:33,0,0,0
BRDA:33,0,1,0
BRDA:33,1,0,0
BRDA:33,1,1,0
BRDA:87,2,0,0
BRDA:92,3,0,0
BRDA:96,4,0,0
BRDA:100,5,0,0
BRDA:111,6,0,0
BRDA:111,6,1,0
BRDA:120,7,0,0
BRDA:128,8,0,0
BRDA:128,8,1,0
BRDA:129,9,0,0
BRDA:129,9,1,0
BRF:15
BRH:0
end_of_record
TN:
SF:src/editor/auto-completion.ts
FN:19,(anonymous_0)
FN:26,(anonymous_1)
FN:72,(anonymous_2)
FN:91,(anonymous_3)
FN:92,(anonymous_4)
FN:93,(anonymous_5)
FN:103,(anonymous_6)
FN:188,(anonymous_7)
FN:215,(anonymous_8)
FN:226,(anonymous_9)
FN:227,(anonymous_10)
FN:240,(anonymous_11)
FN:253,(anonymous_12)
FN:292,(anonymous_13)
FN:303,(anonymous_14)
FN:308,(anonymous_15)
FN:314,(anonymous_16)
FN:322,initNameAutoCompletion
FN:327,getNameAutoCompletion
FNF:19
FNH:16
FNDA:22,(anonymous_0)
FNDA:8,(anonymous_1)
FNDA:11,(anonymous_2)
FNDA:4010,(anonymous_3)
FNDA:4010,(anonymous_4)
FNDA:112,(anonymous_5)
FNDA:1,(anonymous_6)
FNDA:1,(anonymous_7)
FNDA:9,(anonymous_8)
FNDA:4010,(anonymous_9)
FNDA:2002015,(anonymous_10)
FNDA:4010,(anonymous_11)
FNDA:4010,(anonymous_12)
FNDA:4010,(anonymous_13)
FNDA:4010,(anonymous_14)
FNDA:8016,(anonymous_15)
FNDA:0,(anonymous_16)
FNDA:0,initNameAutoCompletion
FNDA:0,getNameAutoCompletion
DA:1,1
DA:3,1
DA:4,1
DA:14,1
DA:20,22
DA:21,22
DA:22,22
DA:23,22
DA:27,8
DA:28,8
DA:31,8
DA:32,1
DA:35,7
DA:36,7
DA:38,7
DA:39,6
DA:42,6
DA:44,6
DA:45,1
DA:49,5
DA:50,5
DA:51,1
DA:54,4
DA:57,4
DA:58,1
DA:61,3
DA:67,1
DA:68,1
DA:73,11
DA:74,11
DA:75,10
DA:76,1
DA:79,9
DA:80,9
DA:82,9
DA:83,0
DA:87,9
DA:88,9
DA:90,9
DA:91,4010
DA:92,4010
DA:93,112
DA:96,9
DA:98,1
DA:99,1
DA:104,1
DA:105,1
DA:106,1
DA:108,1
DA:109,1
DA:112,1
DA:113,1
DA:114,1
DA:115,1
DA:116,1
DA:119,1
DA:120,0
DA:123,0
DA:125,0
DA:129,0
DA:130,0
DA:132,0
DA:133,0
DA:137,0
DA:138,0
DA:142,0
DA:143,0
DA:145,0
DA:146,0
DA:150,0
DA:151,0
DA:152,0
DA:156,0
DA:157,0
DA:158,0
DA:162,0
DA:163,0
DA:164,0
DA:165,0
DA:166,0
DA:167,0
DA:171,0
DA:172,0
DA:176,0
DA:177,0
DA:178,0
DA:181,1
DA:182,1
DA:183,1
DA:184,1
DA:189,1
DA:190,1
DA:191,1
DA:192,1
DA:196,0
DA:197,0
DA:199,0
DA:202,0
DA:206,0
DA:209,0
DA:211,0
DA:216,9
DA:217,9
DA:218,9
DA:219,0
DA:223,9
DA:226,9
DA:227,4010
DA:228,2002015
DA:233,9
DA:235,0
DA:236,0
DA:241,4010
DA:242,4010
DA:244,4010
DA:254,4010
DA:255,4
DA:258,4006
DA:259,4006
DA:260,4006
DA:262,4006
DA:265,4006
DA:266,1
DA:269,4005
DA:270,112
DA:273,3893
DA:274,0
DA:277,3893
DA:278,0
DA:281,3893
DA:282,0
DA:286,4006
DA:287,4006
DA:289,4006
DA:293,4010
DA:294,4010
DA:295,0
DA:297,4010
DA:298,4010
DA:300,4010
DA:305,4010
DA:311,8016
DA:322,1
DA:323,0
DA:324,0
DA:327,1
DA:328,0
LF:147
LH:99
BRDA:31,0,0,1
BRDA:31,1,0,0
BRDA:31,1,1,8
BRDA:31,2,0,8
BRDA:31,2,1,8
BRDA:35,3,0,7
BRDA:35,3,1,0
BRDA:35,4,0,0
BRDA:35,4,1,7
BRDA:35,5,0,7
BRDA:35,5,1,7
BRDA:36,6,0,7
BRDA:36,6,1,0
BRDA:36,7,0,0
BRDA:36,7,1,7
BRDA:36,8,0,7
BRDA:36,8,1,7
BRDA:44,9,0,1
BRDA:50,10,0,1
BRDA:50,11,0,5
BRDA:50,11,1,4
BRDA:57,12,0,1
BRDA:57,13,0,4
BRDA:57,13,1,1
BRDA:75,14,0,1
BRDA:82,15,0,0
BRDA:88,16,0,9
BRDA:88,16,1,0
BRDA:88,17,0,0
BRDA:88,17,1,9
BRDA:88,18,0,9
BRDA:88,18,1,9
BRDA:132,19,0,0
BRDA:132,20,0,0
BRDA:132,20,1,0
BRDA:132,21,0,0
BRDA:132,21,1,0
BRDA:132,22,0,0
BRDA:132,22,1,0
BRDA:145,23,0,0
BRDA:145,24,0,0
BRDA:145,24,1,0
BRDA:145,25,0,0
BRDA:145,25,1,0
BRDA:145,26,0,0
BRDA:145,26,1,0
BRDA:157,27,0,0
BRDA:157,28,0,0
BRDA:157,28,1,0
BRDA:157,29,0,0
BRDA:157,29,1,0
BRDA:171,30,0,0
BRDA:190,31,0,1
BRDA:190,31,1,0
BRDA:190,32,0,1
BRDA:190,32,1,1
BRDA:191,33,0,1
BRDA:191,34,0,1
BRDA:191,34,1,0
BRDA:218,35,0,0
BRDA:228,36,0,2002015
BRDA:228,36,1,4010
BRDA:254,37,0,4
BRDA:259,38,0,4006
BRDA:259,38,1,4006
BRDA:260,39,0,4006
BRDA:260,39,1,0
BRDA:265,40,0,1
BRDA:265,40,1,4005
BRDA:269,41,0,112
BRDA:269,41,1,3893
BRDA:273,42,0,0
BRDA:273,42,1,3893
BRDA:277,43,0,0
BRDA:277,43,1,3893
BRDA:281,44,0,0
BRDA:294,45,0,0
BRDA:297,46,0,4010
BRF:78
BRH:42
end_of_record
TN:
SF:src/editor/common.ts
FN:12,getDecorationAttrs
FNF:1
FNH:0
FNDA:0,getDecorationAttrs
DA:1,3
DA:2,3
DA:3,3
DA:5,3
DA:6,3
DA:7,3
DA:9,3
DA:12,3
DA:13,0
DA:16,0
DA:17,0
DA:18,0
DA:19,0
DA:21,0
DA:22,0
DA:25,0
DA:29,0
DA:32,0
DA:33,0
DA:34,0
DA:37,0
LF:21
LH:8
BRDA:17,0,0,0
BRDA:21,1,0,0
BRDA:21,1,1,0
BRDA:32,2,0,0
BRF:4
BRH:0
end_of_record
TN:
SF:src/editor/company-config-modal.ts
FN:29,(anonymous_0)
FN:35,(anonymous_1)
FN:45,(anonymous_2)
FN:57,(anonymous_3)
FN:67,(anonymous_4)
FN:76,(anonymous_5)
FN:79,(anonymous_6)
FN:87,(anonymous_7)
FN:114,(anonymous_8)
FN:130,(anonymous_9)
FN:145,(anonymous_10)
FN:170,(anonymous_11)
FN:187,(anonymous_12)
FN:205,(anonymous_13)
FN:221,(anonymous_14)
FN:224,(anonymous_15)
FN:232,(anonymous_16)
FN:242,(anonymous_17)
FN:255,(anonymous_19)
FN:301,(anonymous_20)
FN:314,(anonymous_21)
FN:322,(anonymous_22)
FN:338,(anonymous_23)
FN:347,(anonymous_24)
FN:353,(anonymous_25)
FN:367,(anonymous_26)
FN:383,(anonymous_27)
FN:395,(anonymous_28)
FN:410,(anonymous_29)
FN:421,(anonymous_30)
FN:439,(anonymous_31)
FN:446,(anonymous_32)
FN:453,(anonymous_33)
FN:460,(anonymous_34)
FN:471,(anonymous_35)
FN:478,(anonymous_36)
FN:488,(anonymous_37)
FN:498,(anonymous_38)
FN:508,(anonymous_39)
FN:516,(anonymous_40)
FN:522,(anonymous_41)
FN:528,(anonymous_42)
FN:536,(anonymous_43)
FN:564,(anonymous_44)
FN:592,(anonymous_45)
FN:600,(anonymous_46)
FN:609,(anonymous_47)
FN:626,(anonymous_48)
FN:633,(anonymous_50)
FN:633,(anonymous_51)
FN:664,(anonymous_52)
FN:681,(anonymous_53)
FN:684,(anonymous_54)
FN:699,(anonymous_55)
FN:708,(anonymous_56)
FN:717,(anonymous_57)
FN:739,(anonymous_58)
FN:749,(anonymous_59)
FN:770,(anonymous_60)
FN:783,(anonymous_61)
FN:798,(anonymous_62)
FN:805,(anonymous_64)
FN:809,(anonymous_66)
FN:839,(anonymous_67)
FN:850,(anonymous_68)
FN:853,(anonymous_69)
FN:854,(anonymous_70)
FN:866,(anonymous_71)
FN:892,(anonymous_72)
FN:901,(anonymous_74)
FN:958,(anonymous_75)
FN:973,(anonymous_76)
FN:982,(anonymous_77)
FN:1001,(anonymous_79)
FN:1004,(anonymous_80)
FN:1060,(anonymous_81)
FN:1064,(anonymous_82)
FN:1069,(anonymous_83)
FNF:78
FNH:0
FNDA:0,(anonymous_0)
FNDA:0,(anonymous_1)
FNDA:0,(anonymous_2)
FNDA:0,(anonymous_3)
FNDA:0,(anonymous_4)
FNDA:0,(anonymous_5)
FNDA:0,(anonymous_6)
FNDA:0,(anonymous_7)
FNDA:0,(anonymous_8)
FNDA:0,(anonymous_9)
FNDA:0,(anonymous_10)
FNDA:0,(anonymous_11)
FNDA:0,(anonymous_12)
FNDA:0,(anonymous_13)
FNDA:0,(anonymous_14)
FNDA:0,(anonymous_15)
FNDA:0,(anonymous_16)
FNDA:0,(anonymous_17)
FNDA:0,(anonymous_19)
FNDA:0,(anonymous_20)
FNDA:0,(anonymous_21)
FNDA:0,(anonymous_22)
FNDA:0,(anonymous_23)
FNDA:0,(anonymous_24)
FNDA:0,(anonymous_25)
FNDA:0,(anonymous_26)
FNDA:0,(anonymous_27)
FNDA:0,(anonymous_28)
FNDA:0,(anonymous_29)
FNDA:0,(anonymous_30)
FNDA:0,(anonymous_31)
FNDA:0,(anonymous_32)
FNDA:0,(anonymous_33)
FNDA:0,(anonymous_34)
FNDA:0,(anonymous_35)
FNDA:0,(anonymous_36)
FNDA:0,(anonymous_37)
FNDA:0,(anonymous_38)
FNDA:0,(anonymous_39)
FNDA:0,(anonymous_40)
FNDA:0,(anonymous_41)
FNDA:0,(anonymous_42)
FNDA:0,(anonymous_43)
FNDA:0,(anonymous_44)
FNDA:0,(anonymous_45)
FNDA:0,(anonymous_46)
FNDA:0,(anonymous_47)
FNDA:0,(anonymous_48)
FNDA:0,(anonymous_50)
FNDA:0,(anonymous_51)
FNDA:0,(anonymous_52)
FNDA:0,(anonymous_53)
FNDA:0,(anonymous_54)
FNDA:0,(anonymous_55)
FNDA:0,(anonymous_56)
FNDA:0,(anonymous_57)
FNDA:0,(anonymous_58)
FNDA:0,(anonymous_59)
FNDA:0,(anonymous_60)
FNDA:0,(anonymous_61)
FNDA:0,(anonymous_62)
FNDA:0,(anonymous_64)
FNDA:0,(anonymous_66)
FNDA:0,(anonymous_67)
FNDA:0,(anonymous_68)
FNDA:0,(anonymous_69)
FNDA:0,(anonymous_70)
FNDA:0,(anonymous_71)
FNDA:0,(anonymous_72)
FNDA:0,(anonymous_74)
FNDA:0,(anonymous_75)
FNDA:0,(anonymous_76)
FNDA:0,(anonymous_77)
FNDA:0,(anonymous_79)
FNDA:0,(anonymous_80)
FNDA:0,(anonymous_81)
FNDA:0,(anonymous_82)
FNDA:0,(anonymous_83)
DA:1,2
DA:2,2
DA:3,2
DA:20,2
DA:22,0
DA:24,0
DA:27,0
DA:30,0
DA:31,0
DA:32,0
DA:35,0
DA:36,0
DA:46,0
DA:47,0
DA:49,0
DA:50,0
DA:55,0
DA:57,0
DA:58,0
DA:62,0
DA:63,0
DA:67,0
DA:70,0
DA:72,0
DA:76,0
DA:80,0
DA:83,0
DA:86,0
DA:87,0
DA:90,0
DA:91,0
DA:93,0
DA:99,0
DA:105,0
DA:109,0
DA:110,0
DA:115,0
DA:118,0
DA:119,0
DA:120,0
DA:124,0
DA:127,0
DA:131,0
DA:132,0
DA:134,0
DA:137,0
DA:138,0
DA:139,0
DA:140,0
DA:141,0
DA:147,0
DA:148,0
DA:149,0
DA:153,0
DA:156,0
DA:159,0
DA:162,0
DA:163,0
DA:167,0
DA:171,0
DA:172,0
DA:174,0
DA:176,0
DA:178,0
DA:179,0
DA:181,0
DA:187,0
DA:188,0
DA:189,0
DA:191,0
DA:192,0
DA:193,0
DA:194,0
DA:197,0
DA:198,0
DA:200,0
DA:206,0
DA:207,0
DA:209,0
DA:210,0
DA:216,0
DA:217,0
DA:221,0
DA:226,0
DA:227,0
DA:228,0
DA:232,0
DA:233,0
DA:234,0
DA:235,0
DA:239,0
DA:243,0
DA:244,0
DA:245,0
DA:247,0
DA:248,0
DA:251,0
DA:256,0
DA:257,0
DA:259,0
DA:262,0
DA:264,0
DA:265,0
DA:266,0
DA:268,0
DA:269,0
DA:270,0
DA:273,0
DA:274,0
DA:276,0
DA:277,0
DA:279,0
DA:283,0
DA:284,0
DA:285,0
DA:292,0
DA:293,0
DA:296,0
DA:297,0
DA:298,0
DA:301,0
DA:302,0
DA:303,0
DA:304,0
DA:306,0
DA:307,0
DA:308,0
DA:310,0
DA:314,0
DA:315,0
DA:316,0
DA:317,0
DA:318,0
DA:320,0
DA:322,0
DA:323,0
DA:324,0
DA:325,0
DA:326,0
DA:327,0
DA:328,0
DA:331,0
DA:335,0
DA:338,0
DA:339,0
DA:343,0
DA:344,0
DA:347,0
DA:348,0
DA:349,0
DA:353,0
DA:354,0
DA:355,0
DA:358,0
DA:361,0
DA:362,0
DA:364,0
DA:367,0
DA:368,0
DA:369,0
DA:370,0
DA:372,0
DA:373,0
DA:377,0
DA:380,0
DA:381,0
DA:383,0
DA:384,0
DA:385,0
DA:386,0
DA:387,0
DA:391,0
DA:392,0
DA:396,0
DA:397,0
DA:399,0
DA:401,0
DA:402,0
DA:404,0
DA:410,0
DA:411,0
DA:412,0
DA:413,0
DA:414,0
DA:417,0
DA:422,0
DA:423,0
DA:425,0
DA:428,0
DA:429,0
DA:432,0
DA:435,0
DA:439,0
DA:442,0
DA:446,0
DA:449,0
DA:453,0
DA:456,0
DA:457,0
DA:461,0
DA:462,0
DA:464,0
DA:467,0
DA:471,0
DA:474,0
DA:478,0
DA:481,0
DA:482,0
DA:489,0
DA:490,0
DA:491,0
DA:494,0
DA:495,0
DA:499,0
DA:500,0
DA:501,0
DA:504,0
DA:505,0
DA:509,0
DA:510,0
DA:512,0
DA:516,0
DA:518,0
DA:522,0
DA:525,0
DA:529,0
DA:530,0
DA:531,0
DA:532,0
DA:537,0
DA:538,0
DA:540,0
DA:542,0
DA:543,0
DA:544,0
DA:547,0
DA:548,0
DA:549,0
DA:550,0
DA:553,0
DA:554,0
DA:558,0
DA:566,0
DA:567,0
DA:568,0
DA:569,0
DA:572,0
DA:574,0
DA:575,0
DA:576,0
DA:579,0
DA:580,0
DA:582,0
DA:583,0
DA:585,0
DA:588,0
DA:589,0
DA:592,0
DA:593,0
DA:594,0
DA:600,0
DA:601,0
DA:604,0
DA:609,0
DA:611,0
DA:612,0
DA:613,0
DA:615,0
DA:616,0
DA:617,0
DA:618,0
DA:619,0
DA:621,0
DA:627,0
DA:628,0
DA:629,0
DA:630,0
DA:631,0
DA:633,0
DA:634,0
DA:635,0
DA:636,0
DA:637,0
DA:639,0
DA:641,0
DA:642,0
DA:644,0
DA:645,0
DA:647,0
DA:648,0
DA:649,0
DA:650,0
DA:651,0
DA:656,0
DA:657,0
DA:658,0
DA:660,0
DA:666,0
DA:667,0
DA:669,0
DA:670,0
DA:671,0
DA:677,0
DA:679,0
DA:680,0
DA:681,0
DA:683,0
DA:684,0
DA:685,0
DA:686,0
DA:687,0
DA:688,0
DA:689,0
DA:690,0
DA:691,0
DA:694,0
DA:698,0
DA:699,0
DA:700,0
DA:701,0
DA:705,0
DA:709,0
DA:710,0
DA:712,0
DA:713,0
DA:714,0
DA:718,0
DA:720,0
DA:721,0
DA:722,0
DA:726,0
DA:727,0
DA:728,0
DA:731,0
DA:733,0
DA:739,0
DA:741,0
DA:742,0
DA:749,0
DA:750,0
DA:751,0
DA:757,0
DA:763,0
DA:771,0
DA:773,0
DA:774,0
DA:775,0
DA:778,0
DA:779,0
DA:784,0
DA:786,0
DA:788,0
DA:789,0
DA:790,0
DA:793,0
DA:794,0
DA:799,0
DA:800,0
DA:801,0
DA:806,0
DA:807,0
DA:809,0
DA:810,0
DA:812,0
DA:814,0
DA:817,0
DA:818,0
DA:819,0
DA:822,0
DA:826,0
DA:827,0
DA:828,0
DA:830,0
DA:831,0
DA:833,0
DA:835,0
DA:840,0
DA:841,0
DA:844,0
DA:845,0
DA:847,0
DA:852,0
DA:853,0
DA:854,0
DA:856,0
DA:857,0
DA:858,0
DA:859,0
DA:863,0
DA:868,0
DA:869,0
DA:878,0
DA:881,0
DA:889,0
DA:893,0
DA:895,0
DA:896,0
DA:897,0
DA:901,0
DA:902,0
DA:903,0
DA:904,0
DA:908,0
DA:909,0
DA:910,0
DA:911,0
DA:915,0
DA:916,0
DA:919,0
DA:920,0
DA:921,0
DA:923,0
DA:924,0
DA:926,0
DA:929,0
DA:930,0
DA:931,0
DA:935,0
DA:936,0
DA:937,0
DA:938,0
DA:939,0
DA:942,0
DA:943,0
DA:946,0
DA:949,0
DA:951,0
DA:953,0
DA:954,0
DA:959,0
DA:962,0
DA:963,0
DA:965,0
DA:966,0
DA:968,0
DA:973,0
DA:974,0
DA:976,0
DA:977,0
DA:978,0
DA:983,0
DA:984,0
DA:986,0
DA:989,0
DA:990,0
DA:992,0
DA:993,0
DA:995,0
DA:996,0
DA:997,0
DA:1001,0
DA:1002,0
DA:1004,0
DA:1005,0
DA:1006,0
DA:1007,0
DA:1008,0
DA:1009,0
DA:1014,0
DA:1015,0
DA:1017,0
DA:1021,0
DA:1022,0
DA:1024,0
DA:1028,0
DA:1029,0
DA:1033,0
DA:1034,0
DA:1035,0
DA:1037,0
DA:1038,0
DA:1040,0
DA:1041,0
DA:1043,0
DA:1048,0
DA:1049,0
DA:1050,0
DA:1051,0
DA:1052,0
DA:1054,0
DA:1058,0
DA:1059,0
DA:1060,0
DA:1065,0
DA:1066,0
DA:1069,0
DA:1070,0
DA:1072,0
LF:488
LH:4
BRDA:94,0,0,0
BRDA:94,0,1,0
BRDA:95,1,0,0
BRDA:95,1,1,0
BRDA:100,2,0,0
BRDA:100,2,1,0
BRDA:100,3,0,0
BRDA:100,3,1,0
BRDA:100,4,0,0
BRDA:100,4,1,0
BRDA:106,5,0,0
BRDA:106,5,1,0
BRDA:109,6,0,0
BRDA:118,7,0,0
BRDA:118,8,0,0
BRDA:118,8,1,0
BRDA:132,9,0,0
BRDA:132,9,1,0
BRDA:147,10,0,0
BRDA:162,11,0,0
BRDA:172,12,0,0
BRDA:184,13,0,0
BRDA:184,13,1,0
BRDA:189,14,0,0
BRDA:189,15,0,0
BRDA:189,15,1,0
BRDA:226,16,0,0
BRDA:226,17,0,0
BRDA:226,17,1,0
BRDA:226,17,2,0
BRDA:232,18,0,0
BRDA:232,18,1,0
BRDA:233,19,0,0
BRDA:245,20,0,0
BRDA:245,21,0,0
BRDA:245,21,1,0
BRDA:273,22,0,0
BRDA:273,22,1,0
BRDA:274,23,0,0
BRDA:274,23,1,0
BRDA:274,23,2,0
BRDA:276,24,0,0
BRDA:276,24,1,0
BRDA:288,25,0,0
BRDA:288,25,1,0
BRDA:303,26,0,0
BRDA:303,26,1,0
BRDA:316,27,0,0
BRDA:349,28,0,0
BRDA:349,28,1,0
BRDA:354,29,0,0
BRDA:361,30,0,0
BRDA:368,31,0,0
BRDA:368,31,1,0
BRDA:407,32,0,0
BRDA:407,32,1,0
BRDA:412,33,0,0
BRDA:412,33,1,0
BRDA:412,34,0,0
BRDA:412,34,1,0
BRDA:417,35,0,0
BRDA:417,35,1,0
BRDA:429,36,0,0
BRDA:429,36,1,0
BRDA:457,37,0,0
BRDA:457,37,1,0
BRDA:489,38,0,0
BRDA:499,39,0,0
BRDA:525,40,0,0
BRDA:525,40,1,0
BRDA:531,41,0,0
BRDA:532,42,0,0
BRDA:532,42,1,0
BRDA:538,43,0,0
BRDA:542,44,0,0
BRDA:554,45,0,0
BRDA:554,45,1,0
BRDA:567,46,0,0
BRDA:574,47,0,0
BRDA:574,48,0,0
BRDA:574,48,1,0
BRDA:612,49,0,0
BRDA:612,49,1,0
BRDA:612,50,0,0
BRDA:612,50,1,0
BRDA:613,51,0,0
BRDA:613,51,1,0
BRDA:613,52,0,0
BRDA:613,52,1,0
BRDA:615,53,0,0
BRDA:615,53,1,0
BRDA:615,54,0,0
BRDA:615,54,1,0
BRDA:634,55,0,0
BRDA:634,55,1,0
BRDA:634,56,0,0
BRDA:634,56,1,0
BRDA:635,57,0,0
BRDA:648,58,0,0
BRDA:686,59,0,0
BRDA:688,60,0,0
BRDA:700,61,0,0
BRDA:710,62,0,0
BRDA:720,63,0,0
BRDA:727,64,0,0
BRDA:727,64,1,0
BRDA:773,65,0,0
BRDA:773,65,1,0
BRDA:784,66,0,0
BRDA:784,67,0,0
BRDA:784,67,1,0
BRDA:788,68,0,0
BRDA:788,68,1,0
BRDA:800,69,0,0
BRDA:807,70,0,0
BRDA:810,71,0,0
BRDA:817,72,0,0
BRDA:817,72,1,0
BRDA:819,73,0,0
BRDA:830,74,0,0
BRDA:841,75,0,0
BRDA:856,76,0,0
BRDA:858,77,0,0
BRDA:895,78,0,0
BRDA:895,79,0,0
BRDA:895,79,1,0
BRDA:895,79,2,0
BRDA:901,80,0,0
BRDA:901,80,1,0
BRDA:902,81,0,0
BRDA:909,82,0,0
BRDA:920,83,0,0
BRDA:923,84,0,0
BRDA:930,85,0,0
BRDA:983,86,0,0
BRDA:995,87,0,0
BRDA:1006,88,0,0
BRDA:1014,89,0,0
BRDA:1014,89,1,0
BRDA:1021,90,0,0
BRDA:1021,90,1,0
BRDA:1028,91,0,0
BRDA:1034,92,0,0
BRDA:1034,92,1,0
BRDA:1034,93,0,0
BRDA:1034,93,1,0
BRDA:1034,94,0,0
BRDA:1034,94,1,0
BRDA:1035,95,0,0
BRDA:1035,95,1,0
BRDA:1037,96,0,0
BRDA:1038,97,0,0
BRDA:1038,97,1,0
BRDA:1041,98,0,0
BRDA:1049,99,0,0
BRDA:1058,100,0,0
BRDA:1058,100,1,0
BRDA:1059,101,0,0
BRF:158
BRH:0
end_of_record
TN:
SF:src/editor/company-csv-modal.ts
FN:13,(anonymous_0)
FN:21,(anonymous_1)
FN:51,(anonymous_2)
FN:68,(anonymous_3)
FN:73,(anonymous_4)
FN:79,(anonymous_5)
FN:130,(anonymous_6)
FN:155,(anonymous_8)
FN:162,(anonymous_9)
FN:170,(anonymous_10)
FN:173,(anonymous_11)
FN:186,(anonymous_12)
FN:194,(anonymous_13)
FN:227,(anonymous_14)
FN:233,(anonymous_15)
FN:238,(anonymous_16)
FN:244,(anonymous_17)
FN:276,(anonymous_19)
FN:282,(anonymous_20)
FN:284,(anonymous_21)
FN:289,(anonymous_22)
FN:309,(anonymous_23)
FN:354,(anonymous_24)
FNF:23
FNH:0
FNDA:0,(anonymous_0)
FNDA:0,(anonymous_1)
FNDA:0,(anonymous_2)
FNDA:0,(anonymous_3)
FNDA:0,(anonymous_4)
FNDA:0,(anonymous_5)
FNDA:0,(anonymous_6)
FNDA:0,(anonymous_8)
FNDA:0,(anonymous_9)
FNDA:0,(anonymous_10)
FNDA:0,(anonymous_11)
FNDA:0,(anonymous_12)
FNDA:0,(anonymous_13)
FNDA:0,(anonymous_14)
FNDA:0,(anonymous_15)
FNDA:0,(anonymous_16)
FNDA:0,(anonymous_17)
FNDA:0,(anonymous_19)
FNDA:0,(anonymous_20)
FNDA:0,(anonymous_21)
FNDA:0,(anonymous_22)
FNDA:0,(anonymous_23)
FNDA:0,(anonymous_24)
DA:1,2
DA:2,2
DA:4,2
DA:11,0
DA:14,0
DA:15,0
DA:16,0
DA:17,0
DA:18,0
DA:22,0
DA:25,0
DA:28,0
DA:35,0
DA:38,0
DA:48,0
DA:52,0
DA:53,0
DA:54,0
DA:55,0
DA:56,0
DA:60,0
DA:64,0
DA:65,0
DA:68,0
DA:71,0
DA:73,0
DA:76,0
DA:80,0
DA:81,0
DA:127,0
DA:131,0
DA:133,0
DA:134,0
DA:135,0
DA:136,0
DA:139,0
DA:141,0
DA:142,0
DA:143,0
DA:145,0
DA:146,0
DA:148,0
DA:149,0
DA:151,0
DA:156,0
DA:157,0
DA:158,0
DA:159,0
DA:163,0
DA:164,0
DA:166,0
DA:171,0
DA:173,0
DA:174,0
DA:179,2
DA:184,0
DA:187,0
DA:188,0
DA:189,0
DA:190,0
DA:191,0
DA:195,0
DA:198,0
DA:201,0
DA:207,0
DA:211,0
DA:217,0
DA:220,0
DA:224,0
DA:225,0
DA:227,0
DA:229,0
DA:230,0
DA:233,0
DA:235,0
DA:236,0
DA:238,0
DA:241,0
DA:245,0
DA:246,0
DA:247,0
DA:250,0
DA:253,0
DA:256,0
DA:257,0
DA:258,0
DA:259,0
DA:260,0
DA:261,0
DA:264,0
DA:265,0
DA:271,0
DA:272,0
DA:277,0
DA:278,0
DA:279,0
DA:282,0
DA:283,0
DA:285,0
DA:290,0
DA:291,0
DA:292,0
DA:295,0
DA:296,0
DA:298,0
DA:299,0
DA:300,0
DA:301,0
DA:302,0
DA:303,0
DA:304,0
DA:306,0
DA:310,0
DA:311,0
DA:351,0
DA:355,0
LF:116
LH:4
BRDA:131,0,0,0
BRDA:134,1,0,0
BRDA:157,2,0,0
BRDA:157,2,1,0
BRDA:163,3,0,0
BRDA:163,3,1,0
BRDA:277,4,0,0
BRDA:290,5,0,0
BRF:8
BRH:0
end_of_record
TN:
SF:src/editor/csv-import-modal.ts
FN:12,(anonymous_0)
FN:18,(anonymous_1)
FN:49,(anonymous_2)
FN:66,(anonymous_3)
FN:71,(anonymous_4)
FN:77,(anonymous_5)
FN:128,(anonymous_6)
FN:161,(anonymous_8)
FN:168,(anonymous_9)
FN:181,(anonymous_10)
FN:184,(anonymous_11)
FNF:11
FNH:0
FNDA:0,(anonymous_0)
FNDA:0,(anonymous_1)
FNDA:0,(anonymous_2)
FNDA:0,(anonymous_3)
FNDA:0,(anonymous_4)
FNDA:0,(anonymous_5)
FNDA:0,(anonymous_6)
FNDA:0,(anonymous_8)
FNDA:0,(anonymous_9)
FNDA:0,(anonymous_10)
FNDA:0,(anonymous_11)
DA:1,1
DA:2,1
DA:3,1
DA:5,1
DA:10,0
DA:13,0
DA:14,0
DA:15,0
DA:19,0
DA:22,0
DA:25,0
DA:32,0
DA:35,0
DA:46,0
DA:50,0
DA:51,0
DA:52,0
DA:53,0
DA:54,0
DA:58,0
DA:62,0
DA:63,0
DA:66,0
DA:69,0
DA:71,0
DA:74,0
DA:78,0
DA:79,0
DA:125,0
DA:129,0
DA:131,0
DA:132,0
DA:133,0
DA:134,0
DA:138,0
DA:139,0
DA:140,0
DA:141,0
DA:142,0
DA:145,0
DA:147,0
DA:148,0
DA:149,0
DA:151,0
DA:152,0
DA:154,0
DA:155,0
DA:157,0
DA:162,0
DA:163,0
DA:164,0
DA:165,0
DA:169,0
DA:170,0
DA:172,0
DA:176,0
DA:177,0
DA:182,0
DA:184,0
DA:185,0
LF:60
LH:4
BRDA:129,0,0,0
BRDA:132,1,0,0
BRDA:140,2,0,0
BRDA:163,3,0,0
BRDA:163,3,1,0
BRDA:169,4,0,0
BRDA:169,4,1,0
BRDA:176,5,0,0
BRF:8
BRH:0
end_of_record
TN:
SF:src/editor/decoration.ts
FN:25,getMarkedPhrases
FN:34,(anonymous_1)
FN:39,(anonymous_2)
FN:46,(anonymous_3)
FN:51,(anonymous_4)
FN:53,(anonymous_5)
FN:62,(anonymous_6)
FN:77,scanText
FN:83,(anonymous_8)
FN:91,(anonymous_9)
FN:92,(anonymous_10)
FN:96,removeSubsetsAndIntersects
FN:98,(anonymous_12)
FN:108,(anonymous_13)
FNF:14
FNH:6
FNDA:0,getMarkedPhrases
FNDA:0,(anonymous_1)
FNDA:0,(anonymous_2)
FNDA:0,(anonymous_3)
FNDA:0,(anonymous_4)
FNDA:0,(anonymous_5)
FNDA:0,(anonymous_6)
FNDA:4,scanText
FNDA:6,(anonymous_8)
FNDA:10,(anonymous_9)
FNDA:12,(anonymous_10)
FNDA:4,removeSubsetsAndIntersects
FNDA:14,(anonymous_12)
FNDA:0,(anonymous_13)
DA:1,3
DA:2,3
DA:11,3
DA:12,3
DA:13,3
DA:23,3
DA:25,3
DA:26,0
DA:30,3
DA:35,0
DA:36,0
DA:40,0
DA:41,0
DA:42,0
DA:47,0
DA:48,0
DA:54,0
DA:55,0
DA:57,0
DA:58,0
DA:59,0
DA:62,0
DA:63,0
DA:64,0
DA:65,0
DA:71,0
DA:72,0
DA:77,3
DA:78,4
DA:79,4
DA:80,4
DA:81,4
DA:83,4
DA:84,6
DA:86,6
DA:91,10
DA:92,12
DA:93,4
DA:97,4
DA:98,4
DA:99,14
DA:100,13
DA:101,13
DA:103,1
DA:107,3
DA:108,0
DA:111,3
LF:47
LH:27
BRDA:40,0,0,0
BRDA:40,1,0,0
BRDA:40,1,1,0
BRDA:40,1,2,0
BRDA:99,2,0,13
BRF:5
BRH:1
end_of_record
TN:
SF:src/editor/def-file-registration.ts
FN:8,registerDefFile
FN:10,(anonymous_2)
FNF:2
FNH:0
FNDA:0,registerDefFile
FNDA:0,(anonymous_2)
DA:2,1
DA:3,1
DA:5,1
DA:8,1
DA:9,0
DA:10,0
DA:11,0
DA:12,0
DA:15,0
LF:9
LH:4
BRF:0
BRH:0
end_of_record
TN:
SF:src/editor/definition-popover.ts
FN:31,(anonymous_0)
FN:114,(anonymous_1)
FN:118,(anonymous_2)
FN:39,(anonymous_3)
FN:52,(anonymous_4)
FN:65,(anonymous_5)
FN:78,(anonymous_6)
FN:90,(anonymous_7)
FN:108,(anonymous_8)
FN:133,(anonymous_9)
FN:152,(anonymous_10)
FN:156,(anonymous_11)
FN:161,(anonymous_12)
FN:209,(anonymous_13)
FN:253,(anonymous_14)
FN:287,(anonymous_15)
FN:325,(anonymous_16)
FN:366,(anonymous_17)
FN:378,(anonymous_18)
FN:383,(anonymous_19)
FN:384,(anonymous_20)
FN:399,(anonymous_21)
FN:401,(anonymous_22)
FN:412,(anonymous_23)
FN:427,(anonymous_24)
FN:432,(anonymous_25)
FN:446,(anonymous_26)
FN:503,(anonymous_27)
FN:503,(anonymous_28)
FN:521,(anonymous_29)
FN:529,(anonymous_30)
FN:532,(anonymous_32)
FN:535,(anonymous_33)
FN:547,(anonymous_34)
FN:560,(anonymous_35)
FN:570,(anonymous_36)
FN:581,(anonymous_37)
FN:593,(anonymous_38)
FN:635,(anonymous_39)
FN:648,(anonymous_40)
FN:654,(anonymous_41)
FN:683,(anonymous_42)
FN:690,(anonymous_43)
FN:697,(anonymous_44)
FN:699,(anonymous_45)
FN:707,(anonymous_46)
FN:712,(anonymous_47)
FN:722,(anonymous_48)
FN:727,(anonymous_49)
FN:738,(anonymous_50)
FN:751,(anonymous_51)
FN:771,(anonymous_52)
FN:778,(anonymous_53)
FN:782,(anonymous_54)
FN:788,initDefinitionPopover
FN:795,getDefinitionPopover
FN:799,cleanupDefinitionPopover
FN:807,(anonymous_58)
FNF:58
FNH:18
FNDA:28,(anonymous_0)
FNDA:0,(anonymous_1)
FNDA:0,(anonymous_2)
FNDA:27,(anonymous_3)
FNDA:2,(anonymous_4)
FNDA:5,(anonymous_5)
FNDA:1,(anonymous_6)
FNDA:39,(anonymous_7)
FNDA:0,(anonymous_8)
FNDA:28,(anonymous_9)
FNDA:0,(anonymous_10)
FNDA:0,(anonymous_11)
FNDA:0,(anonymous_12)
FNDA:0,(anonymous_13)
FNDA:0,(anonymous_14)
FNDA:0,(anonymous_15)
FNDA:0,(anonymous_16)
FNDA:0,(anonymous_17)
FNDA:0,(anonymous_18)
FNDA:0,(anonymous_19)
FNDA:0,(anonymous_20)
FNDA:0,(anonymous_21)
FNDA:0,(anonymous_22)
FNDA:0,(anonymous_23)
FNDA:0,(anonymous_24)
FNDA:0,(anonymous_25)
FNDA:0,(anonymous_26)
FNDA:0,(anonymous_27)
FNDA:0,(anonymous_28)
FNDA:0,(anonymous_29)
FNDA:0,(anonymous_30)
FNDA:0,(anonymous_32)
FNDA:27,(anonymous_33)
FNDA:2,(anonymous_34)
FNDA:0,(anonymous_35)
FNDA:32,(anonymous_36)
FNDA:3,(anonymous_37)
FNDA:0,(anonymous_38)
FNDA:74,(anonymous_39)
FNDA:29,(anonymous_40)
FNDA:0,(anonymous_41)
FNDA:0,(anonymous_42)
FNDA:0,(anonymous_43)
FNDA:0,(anonymous_44)
FNDA:0,(anonymous_45)
FNDA:0,(anonymous_46)
FNDA:0,(anonymous_47)
FNDA:0,(anonymous_48)
FNDA:0,(anonymous_49)
FNDA:0,(anonymous_50)
FNDA:39,(anonymous_51)
FNDA:39,(anonymous_52)
FNDA:0,(anonymous_53)
FNDA:78,(anonymous_54)
FNDA:1,initDefinitionPopover
FNDA:1,getDefinitionPopover
FNDA:0,cleanupDefinitionPopover
FNDA:0,(anonymous_58)
DA:1,3
DA:5,3
DA:6,3
DA:7,3
DA:9,3
DA:20,3
DA:32,28
DA:33,28
DA:34,28
DA:35,28
DA:40,27
DA:41,27
DA:43,27
DA:44,27
DA:45,27
DA:48,0
DA:53,2
DA:54,2
DA:56,2
DA:57,2
DA:58,2
DA:61,0
DA:66,5
DA:67,5
DA:68,5
DA:70,5
DA:71,5
DA:72,5
DA:74,0
DA:79,1
DA:80,1
DA:81,1
DA:83,1
DA:84,1
DA:85,1
DA:87,0
DA:92,39
DA:95,39
DA:96,39
DA:97,0
DA:101,39
DA:102,39
DA:103,0
DA:107,39
DA:108,39
DA:111,39
DA:114,28
DA:115,0
DA:118,28
DA:121,0
DA:123,0
DA:124,0
DA:130,0
DA:134,28
DA:135,28
DA:136,28
DA:141,0
DA:142,0
DA:143,0
DA:148,0
DA:149,0
DA:153,0
DA:157,0
DA:162,0
DA:165,0
DA:166,0
DA:167,0
DA:170,0
DA:178,0
DA:179,0
DA:183,0
DA:184,0
DA:190,0
DA:191,0
DA:194,0
DA:195,0
DA:198,0
DA:199,0
DA:209,0
DA:210,0
DA:214,0
DA:221,0
DA:222,0
DA:229,0
DA:230,0
DA:231,0
DA:233,0
DA:234,0
DA:238,0
DA:241,0
DA:242,0
DA:244,0
DA:245,0
DA:247,0
DA:249,0
DA:254,0
DA:257,0
DA:258,0
DA:259,0
DA:262,0
DA:270,0
DA:271,0
DA:275,0
DA:276,0
DA:282,0
DA:283,0
DA:284,0
DA:287,0
DA:289,0
DA:298,0
DA:306,0
DA:307,0
DA:310,0
DA:311,0
DA:314,0
DA:315,0
DA:325,0
DA:326,0
DA:330,0
DA:337,0
DA:338,0
DA:345,0
DA:346,0
DA:347,0
DA:349,0
DA:350,0
DA:354,0
DA:357,0
DA:358,0
DA:360,0
DA:361,0
DA:363,0
DA:366,0
DA:367,0
DA:371,0
DA:374,0
DA:380,0
DA:381,0
DA:383,0
DA:384,0
DA:387,0
DA:388,0
DA:390,0
DA:391,0
DA:392,0
DA:394,0
DA:401,0
DA:402,0
DA:403,0
DA:405,0
DA:413,0
DA:415,0
DA:416,0
DA:417,0
DA:420,0
DA:421,0
DA:428,0
DA:429,0
DA:430,0
DA:431,0
DA:432,0
DA:433,0
DA:434,0
DA:436,0
DA:437,0
DA:438,0
DA:440,0
DA:447,0
DA:450,0
DA:451,0
DA:454,0
DA:455,0
DA:456,0
DA:459,0
DA:460,0
DA:461,0
DA:465,0
DA:468,0
DA:474,0
DA:475,0
DA:476,0
DA:478,0
DA:479,0
DA:485,0
DA:486,0
DA:487,0
DA:489,0
DA:498,0
DA:503,0
DA:504,0
DA:505,0
DA:507,0
DA:508,0
DA:510,0
DA:513,0
DA:516,0
DA:517,0
DA:519,0
DA:520,0
DA:521,0
DA:522,0
DA:523,0
DA:532,0
DA:537,27
DA:538,27
DA:540,0
DA:541,0
DA:544,27
DA:549,2
DA:550,2
DA:552,0
DA:553,0
DA:556,2
DA:561,0
DA:562,0
DA:571,32
DA:572,32
DA:573,32
DA:574,32
DA:577,0
DA:578,0
DA:582,3
DA:583,3
DA:584,3
DA:585,3
DA:588,0
DA:589,0
DA:594,0
DA:595,0
DA:597,0
DA:598,0
DA:599,0
DA:601,0
DA:602,0
DA:603,0
DA:607,0
DA:610,0
DA:612,0
DA:614,0
DA:616,0
DA:617,0
DA:619,0
DA:622,0
DA:623,0
DA:624,0
DA:627,0
DA:628,0
DA:632,0
DA:636,74
DA:637,74
DA:639,0
DA:640,0
DA:641,0
DA:643,0
DA:649,29
DA:651,29
DA:655,0
DA:658,0
DA:660,0
DA:661,0
DA:663,0
DA:664,0
DA:665,0
DA:669,0
DA:671,0
DA:672,0
DA:675,0
DA:676,0
DA:679,0
DA:684,0
DA:686,0
DA:687,0
DA:688,0
DA:690,0
DA:691,0
DA:692,0
DA:693,0
DA:697,0
DA:698,0
DA:699,0
DA:700,0
DA:701,0
DA:707,0
DA:708,0
DA:709,0
DA:712,0
DA:713,0
DA:714,0
DA:717,0
DA:718,0
DA:721,0
DA:722,0
DA:723,0
DA:724,0
DA:727,0
DA:728,0
DA:729,0
DA:732,0
DA:733,0
DA:734,0
DA:738,0
DA:739,0
DA:741,0
DA:742,0
DA:744,0
DA:745,0
DA:746,0
DA:753,39
DA:754,39
DA:756,39
DA:757,0
DA:759,39
DA:760,39
DA:761,0
DA:765,39
DA:766,0
DA:767,0
DA:772,39
DA:773,39
DA:774,0
DA:779,0
DA:783,78
DA:788,3
DA:789,1
DA:790,0
DA:792,1
DA:795,3
DA:796,1
DA:799,3
DA:800,0
DA:801,0
DA:802,0
DA:806,0
DA:807,0
LF:334
LH:78
BRDA:123,0,0,0
BRDA:123,1,0,0
BRDA:123,1,1,0
BRDA:123,2,0,0
BRDA:123,2,1,0
BRDA:43,3,0,27
BRDA:56,4,0,2
BRDA:70,5,0,5
BRDA:83,6,0,1
BRDA:102,7,0,0
BRDA:135,8,0,28
BRDA:142,9,0,0
BRDA:149,10,0,0
BRDA:149,10,1,0
BRDA:166,11,0,0
BRDA:178,12,0,0
BRDA:190,13,0,0
BRDA:194,14,0,0
BRDA:198,15,0,0
BRDA:221,16,0,0
BRDA:230,17,0,0
BRDA:233,18,0,0
BRDA:258,19,0,0
BRDA:270,20,0,0
BRDA:290,21,0,0
BRDA:290,21,1,0
BRDA:291,22,0,0
BRDA:291,22,1,0
BRDA:299,23,0,0
BRDA:299,23,1,0
BRDA:306,24,0,0
BRDA:310,25,0,0
BRDA:314,26,0,0
BRDA:337,27,0,0
BRDA:346,28,0,0
BRDA:349,29,0,0
BRDA:390,30,0,0
BRDA:391,31,0,0
BRDA:402,32,0,0
BRDA:402,32,1,0
BRDA:415,33,0,0
BRDA:415,33,1,0
BRDA:431,34,0,0
BRDA:434,35,0,0
BRDA:434,35,1,0
BRDA:434,36,0,0
BRDA:434,36,1,0
BRDA:437,37,0,0
BRDA:450,38,0,0
BRDA:450,39,0,0
BRDA:450,39,1,0
BRDA:450,40,0,0
BRDA:450,40,1,0
BRDA:450,41,0,0
BRDA:450,41,1,0
BRDA:450,42,0,0
BRDA:450,42,1,0
BRDA:450,43,0,0
BRDA:450,43,1,0
BRDA:455,44,0,0
BRDA:460,45,0,0
BRDA:460,46,0,0
BRDA:460,46,1,0
BRDA:470,47,0,0
BRDA:470,47,1,0
BRDA:474,48,0,0
BRDA:474,49,0,0
BRDA:474,49,1,0
BRDA:475,50,0,0
BRDA:475,51,0,0
BRDA:475,51,1,0
BRDA:478,52,0,0
BRDA:485,53,0,0
BRDA:486,54,0,0
BRDA:572,55,0,32
BRDA:583,56,0,3
BRDA:594,57,0,0
BRDA:602,58,0,0
BRDA:614,59,0,0
BRDA:614,59,1,0
BRDA:614,60,0,0
BRDA:614,60,1,0
BRDA:616,61,0,0
BRDA:616,61,1,0
BRDA:622,62,0,0
BRDA:622,62,1,0
BRDA:624,63,0,0
BRDA:624,63,1,0
BRDA:624,64,0,0
BRDA:624,64,1,0
BRDA:628,65,0,0
BRDA:628,65,1,0
BRDA:628,66,0,0
BRDA:628,66,1,0
BRDA:636,67,0,74
BRDA:649,68,0,29
BRDA:649,68,1,0
BRDA:649,69,0,29
BRDA:649,69,1,29
BRDA:651,70,0,29
BRDA:651,70,1,0
BRDA:651,71,0,29
BRDA:651,71,1,29
BRDA:651,72,0,29
BRDA:651,72,1,0
BRDA:651,73,0,29
BRDA:651,73,1,29
BRDA:651,74,0,0
BRDA:651,74,1,0
BRDA:651,75,0,0
BRDA:651,75,1,0
BRDA:651,76,0,0
BRDA:651,76,1,0
BRDA:651,77,0,0
BRDA:651,77,1,0
BRDA:658,78,0,0
BRDA:658,78,1,0
BRDA:658,79,0,0
BRDA:658,79,1,0
BRDA:660,80,0,0
BRDA:660,81,0,0
BRDA:660,81,1,0
BRDA:660,81,2,0
BRDA:660,81,3,0
BRDA:664,82,0,0
BRDA:669,83,0,0
BRDA:669,83,1,0
BRDA:671,84,0,0
BRDA:671,84,1,0
BRDA:671,85,0,0
BRDA:671,85,1,0
BRDA:672,86,0,0
BRDA:672,86,1,0
BRDA:672,87,0,0
BRDA:672,87,1,0
BRDA:675,88,0,0
BRDA:675,88,1,0
BRDA:675,89,0,0
BRDA:675,89,1,0
BRDA:676,90,0,0
BRDA:676,91,0,0
BRDA:676,91,1,0
BRDA:684,92,0,0
BRDA:691,93,0,0
BRDA:700,94,0,0
BRDA:700,95,0,0
BRDA:700,95,1,0
BRDA:732,96,0,0
BRDA:741,97,0,0
BRDA:741,97,1,0
BRDA:741,98,0,0
BRDA:741,98,1,0
BRDA:742,99,0,0
BRDA:742,99,1,0
BRDA:742,100,0,0
BRDA:742,100,1,0
BRDA:744,101,0,0
BRDA:753,102,0,39
BRDA:753,102,1,0
BRDA:753,103,0,39
BRDA:753,103,1,39
BRDA:754,104,0,39
BRDA:754,104,1,0
BRDA:754,105,0,39
BRDA:754,105,1,39
BRDA:756,106,0,0
BRDA:756,107,0,39
BRDA:756,107,1,0
BRDA:756,107,2,0
BRDA:756,107,3,0
BRDA:760,108,0,0
BRDA:765,109,0,0
BRDA:773,110,0,0
BRDA:789,111,0,0
BRDA:800,112,0,0
BRF:175
BRH:24
end_of_record
TN:
SF:src/editor/definition-search.ts
FN:17,(anonymous_0)
FN:22,(anonymous_1)
FN:32,(anonymous_2)
FN:45,(anonymous_3)
FN:52,(anonymous_4)
FN:66,(anonymous_5)
FN:78,(anonymous_6)
FNF:7
FNH:7
FNDA:4,(anonymous_0)
FNDA:6,(anonymous_1)
FNDA:233,(anonymous_2)
FNDA:233,(anonymous_3)
FNDA:15,(anonymous_4)
FNDA:720,(anonymous_5)
FNDA:615,(anonymous_6)
DA:1,3
DA:2,3
DA:11,3
DA:14,4
DA:15,4
DA:18,4
DA:23,6
DA:24,6
DA:26,6
DA:27,720
DA:28,720
DA:29,118
DA:32,720
DA:33,233
DA:34,233
DA:35,14
DA:36,14
DA:45,720
DA:46,233
DA:49,6
DA:53,15
DA:54,15
DA:55,0
DA:58,15
DA:59,0
DA:62,15
DA:67,720
DA:68,720
DA:69,114
DA:71,606
DA:72,6
DA:75,600
DA:79,615
LF:33
LH:31
BRDA:18,0,0,4
BRDA:18,0,1,0
BRDA:28,1,0,118
BRDA:34,2,0,14
BRDA:34,3,0,233
BRDA:34,3,1,15
BRDA:38,4,0,14
BRDA:38,4,1,0
BRDA:38,5,0,14
BRDA:38,5,1,14
BRDA:39,6,0,14
BRDA:39,6,1,0
BRDA:39,7,0,14
BRDA:39,7,1,14
BRDA:54,8,0,0
BRDA:58,9,0,0
BRDA:68,10,0,114
BRDA:71,11,0,6
BRDA:71,12,0,606
BRDA:71,12,1,600
BRF:20
BRH:15
end_of_record
TN:
SF:src/editor/edit-modal.ts
FN:15,(anonymous_0)
FN:20,(anonymous_1)
FN:29,(anonymous_2)
FNF:3
FNH:0
FNDA:0,(anonymous_0)
FNDA:0,(anonymous_1)
FNDA:0,(anonymous_2)
DA:1,1
DA:2,1
DA:3,1
DA:4,1
DA:5,1
DA:8,1
DA:16,0
DA:17,0
DA:21,0
DA:22,0
DA:23,0
DA:24,0
DA:25,0
DA:29,0
DA:30,0
DA:31,0
DA:33,0
DA:34,0
DA:35,0
DA:36,0
DA:38,0
DA:39,0
DA:49,0
DA:52,0
LF:24
LH:6
BRDA:30,0,0,0
BRDA:35,1,0,0
BRDA:35,2,0,0
BRDA:35,2,1,0
BRF:4
BRH:0
end_of_record
TN:
SF:src/editor/frontmatter-suggest-modal.ts
FN:9,(anonymous_0)
FN:14,(anonymous_1)
FN:19,(anonymous_2)
FN:23,(anonymous_3)
FN:26,(anonymous_5)
FN:43,(anonymous_6)
FNF:6
FNH:0
FNDA:0,(anonymous_0)
FNDA:0,(anonymous_1)
FNDA:0,(anonymous_2)
FNDA:0,(anonymous_3)
FNDA:0,(anonymous_5)
FNDA:0,(anonymous_6)
DA:1,0
DA:2,0
DA:3,0
DA:6,0
DA:10,0
DA:11,0
DA:15,0
DA:16,0
DA:20,0
DA:24,0
DA:25,0
DA:26,0
DA:27,0
DA:29,0
DA:30,0
DA:31,0
DA:32,0
DA:33,0
DA:36,0
DA:39,0
DA:44,0
DA:45,0
DA:47,0
LF:23
LH:0
BRDA:29,0,0,0
BRDA:29,0,1,0
BRDA:29,1,0,0
BRDA:29,1,1,0
BRDA:31,2,0,0
BRDA:44,3,0,0
BRF:6
BRH:0
end_of_record
TN:
SF:src/editor/md-postprocessor.ts
FN:16,(anonymous_0)
FN:31,(anonymous_1)
FN:49,(anonymous_2)
FN:50,(anonymous_3)
FN:58,(anonymous_4)
FN:84,getNormalDecorationSpan
FNF:6
FNH:0
FNDA:0,(anonymous_0)
FNDA:0,(anonymous_1)
FNDA:0,(anonymous_2)
FNDA:0,(anonymous_3)
FNDA:0,(anonymous_4)
FNDA:0,getNormalDecorationSpan
DA:2,0
DA:3,0
DA:4,0
DA:6,0
DA:16,0
DA:17,0
DA:18,0
DA:19,0
DA:23,0
DA:24,0
DA:25,0
DA:28,0
DA:31,0
DA:32,0
DA:33,0
DA:35,0
DA:36,0
DA:38,0
DA:40,0
DA:41,0
DA:42,0
DA:43,0
DA:44,0
DA:49,0
DA:50,0
DA:52,0
DA:53,0
DA:54,0
DA:56,0
DA:58,0
DA:59,0
DA:61,0
DA:64,0
DA:66,0
DA:68,0
DA:69,0
DA:73,0
DA:76,0
DA:77,0
DA:80,0
DA:85,0
DA:86,0
DA:87,0
DA:97,0
LF:44
LH:0
BRDA:18,0,0,0
BRDA:24,1,0,0
BRDA:35,2,0,0
BRDA:35,3,0,0
BRDA:35,3,1,0
BRDA:36,4,0,0
BRDA:43,5,0,0
BRDA:59,6,0,0
BRF:8
BRH:0
end_of_record
TN:
SF:src/editor/prefix-tree.ts
FN:7,(anonymous_0)
FN:12,(anonymous_1)
FN:36,(anonymous_2)
FN:41,(anonymous_3)
FN:52,(anonymous_4)
FN:59,(anonymous_5)
FNF:6
FNH:6
FNDA:30,(anonymous_0)
FNDA:40,(anonymous_1)
FNDA:118,(anonymous_2)
FNDA:233,(anonymous_3)
FNDA:233,(anonymous_4)
FNDA:14,(anonymous_5)
DA:3,3
DA:8,30
DA:9,30
DA:13,40
DA:14,5
DA:16,40
DA:17,5
DA:18,5
DA:20,35
DA:22,35
DA:23,35
DA:24,29
DA:25,29
DA:27,35
DA:32,3
DA:37,118
DA:38,118
DA:42,233
DA:43,0
DA:45,233
DA:48,233
DA:49,233
DA:53,233
DA:54,118
DA:56,115
DA:60,14
LF:26
LH:25
BRDA:13,0,0,5
BRDA:16,1,0,5
BRDA:23,2,0,29
BRDA:42,3,0,0
BRDA:53,4,0,118
BRF:5
BRH:4
end_of_record
TN:
SF:src/editor/mobile/definition-modal.ts
FN:11,(anonymous_0)
FN:17,(anonymous_1)
FN:61,(anonymous_2)
FN:77,(anonymous_3)
FN:127,(anonymous_4)
FN:139,(anonymous_5)
FN:144,(anonymous_6)
FN:145,(anonymous_7)
FN:160,(anonymous_8)
FN:162,(anonymous_9)
FN:171,(anonymous_10)
FN:177,(anonymous_11)
FN:179,(anonymous_12)
FN:185,(anonymous_13)
FN:193,(anonymous_14)
FN:208,initDefinitionModal
FN:213,getDefinitionModal
FNF:17
FNH:0
FNDA:0,(anonymous_0)
FNDA:0,(anonymous_1)
FNDA:0,(anonymous_2)
FNDA:0,(anonymous_3)
FNDA:0,(anonymous_4)
FNDA:0,(anonymous_5)
FNDA:0,(anonymous_6)
FNDA:0,(anonymous_7)
FNDA:0,(anonymous_8)
FNDA:0,(anonymous_9)
FNDA:0,(anonymous_10)
FNDA:0,(anonymous_11)
FNDA:0,(anonymous_12)
FNDA:0,(anonymous_13)
FNDA:0,(anonymous_14)
FNDA:0,initDefinitionModal
FNDA:0,getDefinitionModal
DA:1,2
DA:7,2
DA:12,0
DA:13,0
DA:14,0
DA:18,0
DA:21,0
DA:22,0
DA:28,0
DA:29,0
DA:30,0
DA:31,0
DA:32,0
DA:34,0
DA:35,0
DA:40,0
DA:41,0
DA:42,0
DA:44,0
DA:45,0
DA:49,0
DA:55,0
DA:57,0
DA:62,0
DA:65,0
DA:66,0
DA:72,0
DA:73,0
DA:74,0
DA:77,0
DA:79,0
DA:88,0
DA:96,0
DA:97,0
DA:98,0
DA:99,0
DA:100,0
DA:102,0
DA:103,0
DA:108,0
DA:109,0
DA:110,0
DA:112,0
DA:113,0
DA:117,0
DA:123,0
DA:127,0
DA:128,0
DA:132,0
DA:135,0
DA:141,0
DA:142,0
DA:144,0
DA:145,0
DA:148,0
DA:149,0
DA:151,0
DA:152,0
DA:153,0
DA:155,0
DA:162,0
DA:163,0
DA:164,0
DA:166,0
DA:173,0
DA:177,0
DA:178,0
DA:179,0
DA:181,0
DA:182,0
DA:185,0
DA:186,0
DA:195,0
DA:198,0
DA:204,0
DA:208,2
DA:209,0
DA:210,0
DA:213,2
DA:214,0
LF:80
LH:4
BRDA:28,0,0,0
BRDA:28,1,0,0
BRDA:28,1,1,0
BRDA:30,2,0,0
BRDA:34,3,0,0
BRDA:41,4,0,0
BRDA:44,5,0,0
BRDA:56,6,0,0
BRDA:56,6,1,0
BRDA:56,7,0,0
BRDA:56,7,1,0
BRDA:80,8,0,0
BRDA:80,8,1,0
BRDA:81,9,0,0
BRDA:81,9,1,0
BRDA:89,10,0,0
BRDA:89,10,1,0
BRDA:96,11,0,0
BRDA:96,12,0,0
BRDA:96,12,1,0
BRDA:98,13,0,0
BRDA:102,14,0,0
BRDA:109,15,0,0
BRDA:112,16,0,0
BRDA:124,17,0,0
BRDA:124,17,1,0
BRDA:124,18,0,0
BRDA:124,18,1,0
BRDA:151,19,0,0
BRDA:152,20,0,0
BRDA:163,21,0,0
BRDA:163,21,1,0
BRDA:181,22,0,0
BRDA:181,22,1,0
BRDA:181,23,0,0
BRDA:181,23,1,0
BRDA:200,24,0,0
BRDA:200,24,1,0
BRDA:204,25,0,0
BRDA:204,25,1,0
BRF:40
BRH:0
end_of_record
TN:
SF:src/ui/file-explorer.ts
FN:13,sleep
FN:14,(anonymous_1)
FN:21,(anonymous_2)
FN:26,(anonymous_3)
FN:56,(anonymous_5)
FN:93,(anonymous_6)
FN:98,(anonymous_7)
FN:114,(anonymous_8)
FN:122,(anonymous_9)
FN:136,initFileExplorerDecoration
FN:141,getFileExplorerDecoration
FNF:11
FNH:0
FNDA:0,sleep
FNDA:0,(anonymous_1)
FNDA:0,(anonymous_2)
FNDA:0,(anonymous_3)
FNDA:0,(anonymous_5)
FNDA:0,(anonymous_6)
FNDA:0,(anonymous_7)
FNDA:0,(anonymous_8)
FNDA:0,(anonymous_9)
FNDA:0,initFileExplorerDecoration
FNDA:0,getFileExplorerDecoration
DA:2,0
DA:8,0
DA:9,0
DA:10,0
DA:11,0
DA:14,0
DA:17,0
DA:22,0
DA:29,0
DA:31,0
DA:33,0
DA:36,0
DA:37,0
DA:39,0
DA:42,0
DA:43,0
DA:45,0
DA:49,0
DA:57,0
DA:59,0
DA:60,0
DA:64,0
DA:67,0
DA:68,0
DA:71,0
DA:74,0
DA:75,0
DA:78,0
DA:81,0
DA:82,0
DA:85,0
DA:86,0
DA:89,0
DA:90,0
DA:93,0
DA:94,0
DA:97,0
DA:98,0
DA:99,0
DA:102,0
DA:103,0
DA:107,0
DA:110,0
DA:115,0
DA:116,0
DA:117,0
DA:121,0
DA:122,0
DA:123,0
DA:126,0
DA:136,0
DA:137,0
DA:138,0
DA:141,0
DA:142,0
DA:143,0
DA:145,0
LF:57
LH:0
BRDA:31,0,0,0
BRDA:31,1,0,0
BRDA:31,1,1,0
BRDA:37,2,0,0
BRDA:43,3,0,0
BRDA:59,4,0,0
BRDA:67,5,0,0
BRDA:74,6,0,0
BRDA:81,7,0,0
BRDA:86,8,0,0
BRDA:86,8,1,0
BRDA:89,9,0,0
BRDA:102,10,0,0
BRDA:116,11,0,0
BRDA:142,12,0,0
BRF:15
BRH:0
end_of_record
TN:
SF:src/util/editor.ts
FN:4,getMarkedWordUnderCursor
FN:9,normaliseWord
FN:13,getWordByOffset
FNF:3
FNH:0
FNDA:0,getMarkedWordUnderCursor
FNDA:0,normaliseWord
FNDA:0,getWordByOffset
DA:2,3
DA:4,3
DA:5,0
DA:6,0
DA:9,3
DA:10,0
DA:14,0
DA:15,0
DA:16,0
DA:19,0
DA:20,0
DA:22,0
DA:23,0
DA:24,0
DA:26,0
DA:27,0
DA:29,0
DA:30,0
DA:33,0
LF:19
LH:3
BRDA:23,0,0,0
BRDA:23,1,0,0
BRDA:23,1,1,0
BRDA:26,2,0,0
BRDA:29,3,0,0
BRF:5
BRH:0
end_of_record
TN:
SF:src/util/log.ts
FN:4,(anonymous_0)
FN:21,logWithLevel
FN:35,logDebug
FN:39,logInfo
FN:43,logWarn
FN:47,logError
FNF:6
FNH:3
FNDA:4,(anonymous_0)
FNDA:70,logWithLevel
FNDA:0,logDebug
FNDA:0,logInfo
FNDA:0,logWarn
FNDA:70,logError
DA:2,4
DA:4,4
DA:5,4
DA:6,4
DA:7,4
DA:8,4
DA:9,4
DA:12,4
DA:22,70
DA:23,70
DA:24,70
DA:25,0
DA:29,0
DA:35,4
DA:36,0
DA:39,4
DA:40,0
DA:43,4
DA:44,0
DA:47,4
DA:48,70
LF:21
LH:16
BRDA:4,0,0,4
BRDA:4,0,1,4
BRDA:24,1,0,0
BRF:3
BRH:2
end_of_record
TN:
SF:src/util/retry.ts
FN:3,sleep
FN:4,(anonymous_1)
FN:7,useRetry
FN:12,exec
FN:35,setShouldRetry
FNF:5
FNH:0
FNDA:0,sleep
FNDA:0,(anonymous_1)
FNDA:0,useRetry
FNDA:0,exec
FNDA:0,setShouldRetry
DA:1,2
DA:4,0
DA:7,2
DA:8,0
DA:9,0
DA:10,0
DA:13,0
DA:14,0
DA:15,0
DA:16,0
DA:17,0
DA:19,0
DA:20,0
DA:21,0
DA:22,0
DA:25,0
DA:26,0
DA:27,0
DA:29,0
DA:32,0
DA:36,0
DA:39,0
LF:22
LH:2
BRDA:9,0,0,0
BRDA:9,0,1,0
BRDA:9,1,0,0
BRDA:9,1,1,0
BRDA:16,2,0,0
BRDA:21,3,0,0
BRDA:26,4,0,0
BRF:7
BRH:0
end_of_record
